//----------------------------------------------------------------------------//
// Generated by LegUp High-Level Synthesis Tool Version 4.0 (http://legup.org)
// Compiled: Sun Jul 26 12:56:54 2015
// University of Toronto
// For research and academic purposes only. Commercial use is prohibited.
// Please send bugs to: legup@eecg.toronto.edu
// Date: Wed Aug 12 11:25:10 2020
//----------------------------------------------------------------------------//

--------------------------------------------------------------------------------
Function: main
--------------------------------------------------------------------------------
Function unit type:           Number Required               
altfp_add_32                  1                             
altfp_divide_32               1                             
altfp_fptosi_32               1                             
altfp_multiply_32             1                             
altfp_sitofp_32               1                             
altfp_subtract_32             1                             
mem_dual_port                 2                             

Running Bipartite Weighted Matching on function: main
State: LEGUP_F_main_BB_dotloop_bodyreduction
Binding functional unit type: mem_dual_port
Weight matrix for operation/function unit matching:
                                                  main_mem_dual_port_0          main_mem_dual_port_1          
  %1 = load volatile float* %s... (idx: 0)        10                            10                            
  %2 = load volatile float* %s... (idx: 1)        10                            10                            
Solving Bipartite Weighted Matching (minimize weights)...
Assignment matrix after operation/function unit matching:
                                                  main_mem_dual_port_0          main_mem_dual_port_1          
  %1 = load volatile float* %s... (idx: 0)        1                             0                             
  %2 = load volatile float* %s... (idx: 1)        0                             1                             
Checking that every operator was assigned to a functional unit...yes
Binding operator -> functional unit assignments:
  %1 = load volatile float* %s... (idx: 0) -> main_mem_dual_port_0 (mux inputs: 1)
  %2 = load volatile float* %s... (idx: 1) -> main_mem_dual_port_1 (mux inputs: 1)
State: LEGUP_F_main_BB_dotloop_bodyreduction
Binding functional unit type: altfp_multiply_32
Weight matrix for operation/function unit matching:
                                                  main_altfp_multiply_32_0      
  %3 = fmul float %1, %2 (idx: 0)                 20                            
Solving Bipartite Weighted Matching (minimize weights)...
Assignment matrix after operation/function unit matching:
                                                  main_altfp_multiply_32_0      
  %3 = fmul float %1, %2 (idx: 0)                 1                             
Checking that every operator was assigned to a functional unit...yes
Binding operator -> functional unit assignments:
  %3 = fmul float %1, %2 (idx: 0) -> main_altfp_multiply_32_0 (mux inputs: 2)
State: LEGUP_F_main_BB_dotloop_bodyreduction
Binding functional unit type: altfp_add_32
Weight matrix for operation/function unit matching:
                                                  main_altfp_add_32_0           
  %4 = fadd float %0, %3 (idx: 0)                 20                            
Solving Bipartite Weighted Matching (minimize weights)...
Assignment matrix after operation/function unit matching:
                                                  main_altfp_add_32_0           
  %4 = fadd float %0, %3 (idx: 0)                 1                             
Checking that every operator was assigned to a functional unit...yes
Binding operator -> functional unit assignments:
  %4 = fadd float %0, %3 (idx: 0) -> main_altfp_add_32_0 (mux inputs: 2)
State: LEGUP_F_main_BB_dotloop_exitreduction
Binding functional unit type: mem_dual_port
Weight matrix for operation/function unit matching:
  store float %4, float* %scev... can share an output register with another operation already assigned to main_mem_dual_port_0
  store float %4, float* %scev... can share an output register with another operation already assigned to main_mem_dual_port_1
                                                  main_mem_dual_port_0          main_mem_dual_port_1          
  store float %4, float* %scev... (idx: 0)        16                            16                            
Solving Bipartite Weighted Matching (minimize weights)...
Assignment matrix after operation/function unit matching:
                                                  main_mem_dual_port_0          main_mem_dual_port_1          
  store float %4, float* %scev... (idx: 0)        1                             0                             
Checking that every operator was assigned to a functional unit...yes
Binding operator -> functional unit assignments:
  store float %4, float* %scev... (idx: 0) -> main_mem_dual_port_0 (mux inputs: 3)
State: LEGUP_F_main_BB_fusion2loop_bodydim1
Binding functional unit type: mem_dual_port
Weight matrix for operation/function unit matching:
  %7 = load float* %scevgep17,... can share an output register with another operation already assigned to main_mem_dual_port_0
  %7 = load float* %scevgep17,... can share an output register with another operation already assigned to main_mem_dual_port_1
  %8 = load volatile float* %s... can share an output register with another operation already assigned to main_mem_dual_port_0
  %8 = load volatile float* %s... can share an output register with another operation already assigned to main_mem_dual_port_1
                                                  main_mem_dual_port_0          main_mem_dual_port_1          
  %7 = load float* %scevgep17,... (idx: 0)        8                             6                             
  %8 = load volatile float* %s... (idx: 1)        8                             6                             
Solving Bipartite Weighted Matching (minimize weights)...
Assignment matrix after operation/function unit matching:
                                                  main_mem_dual_port_0          main_mem_dual_port_1          
  %7 = load float* %scevgep17,... (idx: 0)        1                             0                             
  %8 = load volatile float* %s... (idx: 1)        0                             1                             
Checking that every operator was assigned to a functional unit...yes
Binding operator -> functional unit assignments:
  %7 = load float* %scevgep17,... (idx: 0) -> main_mem_dual_port_0 (mux inputs: 4)
  %8 = load volatile float* %s... (idx: 1) -> main_mem_dual_port_1 (mux inputs: 2)
State: LEGUP_F_main_BB_fusion2loop_bodydim1
Binding functional unit type: altfp_add_32
Weight matrix for operation/function unit matching:
  %9 = fadd float %7, %8 can share an output register with another operation already assigned to main_altfp_add_32_0
                                                  main_altfp_add_32_0           
  %9 = fadd float %7, %8 (idx: 0)                 17                            
Solving Bipartite Weighted Matching (minimize weights)...
Assignment matrix after operation/function unit matching:
                                                  main_altfp_add_32_0           
  %9 = fadd float %7, %8 (idx: 0)                 1                             
Checking that every operator was assigned to a functional unit...yes
Binding operator -> functional unit assignments:
  %9 = fadd float %7, %8 (idx: 0) -> main_altfp_add_32_0 (mux inputs: 4)
State: LEGUP_F_main_BB_fusion2loop_bodydim1
Binding functional unit type: mem_dual_port
Weight matrix for operation/function unit matching:
  store float %9, float* %scev... can share an output register with another operation already assigned to main_mem_dual_port_0
  store float %9, float* %scev... can share an output register with another operation already assigned to main_mem_dual_port_1
                                                  main_mem_dual_port_0          main_mem_dual_port_1          
  store float %9, float* %scev... (idx: 0)        19                            17                            
Solving Bipartite Weighted Matching (minimize weights)...
Assignment matrix after operation/function unit matching:
                                                  main_mem_dual_port_0          main_mem_dual_port_1          
  store float %9, float* %scev... (idx: 0)        0                             1                             
Checking that every operator was assigned to a functional unit...yes
Binding operator -> functional unit assignments:
  store float %9, float* %scev... (idx: 0) -> main_mem_dual_port_1 (mux inputs: 4)
State: LEGUP_F_main_BB_reduceinnerloop_bodyreduction_dim1
Binding functional unit type: mem_dual_port
Weight matrix for operation/function unit matching:
  %12 = load float* %scevgep13... can share an output register with another operation already assigned to main_mem_dual_port_0
  %12 = load float* %scevgep13... can share an output register with another operation already assigned to main_mem_dual_port_1
                                                  main_mem_dual_port_0          main_mem_dual_port_1          
  %12 = load float* %scevgep13... (idx: 0)        9                             9                             
Solving Bipartite Weighted Matching (minimize weights)...
Assignment matrix after operation/function unit matching:
                                                  main_mem_dual_port_0          main_mem_dual_port_1          
  %12 = load float* %scevgep13... (idx: 0)        1                             0                             
Checking that every operator was assigned to a functional unit...yes
Binding operator -> functional unit assignments:
  %12 = load float* %scevgep13... (idx: 0) -> main_mem_dual_port_0 (mux inputs: 5)
State: LEGUP_F_main_BB_fusion1loop_bodydim1
Binding functional unit type: mem_dual_port
Weight matrix for operation/function unit matching:
  %18 = load float* %scevgep7,... can share an output register with another operation already assigned to main_mem_dual_port_0
  %18 = load float* %scevgep7,... can share an output register with another operation already assigned to main_mem_dual_port_1
  %19 = load volatile float* %... can share an output register with another operation already assigned to main_mem_dual_port_0
  %19 = load volatile float* %... can share an output register with another operation already assigned to main_mem_dual_port_1
                                                  main_mem_dual_port_0          main_mem_dual_port_1          
  %18 = load float* %scevgep7,... (idx: 0)        10                            9                             
  %19 = load volatile float* %... (idx: 1)        10                            9                             
Solving Bipartite Weighted Matching (minimize weights)...
Assignment matrix after operation/function unit matching:
                                                  main_mem_dual_port_0          main_mem_dual_port_1          
  %18 = load float* %scevgep7,... (idx: 0)        1                             0                             
  %19 = load volatile float* %... (idx: 1)        0                             1                             
Checking that every operator was assigned to a functional unit...yes
Binding operator -> functional unit assignments:
  %18 = load float* %scevgep7,... (idx: 0) -> main_mem_dual_port_0 (mux inputs: 6)
  %19 = load volatile float* %... (idx: 1) -> main_mem_dual_port_1 (mux inputs: 5)
State: LEGUP_F_main_BB_fusion1loop_bodydim1
Binding functional unit type: altfp_add_32
Weight matrix for operation/function unit matching:
  %20 = fadd float %18, %19 can share an output register with another operation already assigned to main_altfp_add_32_0
                                                  main_altfp_add_32_0           
  %20 = fadd float %18, %19 (idx: 0)              19                            
Solving Bipartite Weighted Matching (minimize weights)...
Assignment matrix after operation/function unit matching:
                                                  main_altfp_add_32_0           
  %20 = fadd float %18, %19 (idx: 0)              1                             
Checking that every operator was assigned to a functional unit...yes
Binding operator -> functional unit assignments:
  %20 = fadd float %18, %19 (idx: 0) -> main_altfp_add_32_0 (mux inputs: 6)
State: LEGUP_F_main_BB_fusion1loop_bodydim1
Binding functional unit type: altfp_subtract_32
Weight matrix for operation/function unit matching:
                                                  main_altfp_subtract_32_0      
  %21 = fsub float %20, %16 (idx: 0)              20                            
Solving Bipartite Weighted Matching (minimize weights)...
Assignment matrix after operation/function unit matching:
                                                  main_altfp_subtract_32_0      
  %21 = fsub float %20, %16 (idx: 0)              1                             
Checking that every operator was assigned to a functional unit...yes
Binding operator -> functional unit assignments:
  %21 = fsub float %20, %16 (idx: 0) -> main_altfp_subtract_32_0 (mux inputs: 2)
State: LEGUP_F_main_BB__26
Binding functional unit type: altfp_add_32
Weight matrix for operation/function unit matching:
  %27 = fadd float %21, %21 can share an output register with another operation already assigned to main_altfp_add_32_0
                                                  main_altfp_add_32_0           
  %27 = fadd float %21, %21 (idx: 0)              21                            
Solving Bipartite Weighted Matching (minimize weights)...
Assignment matrix after operation/function unit matching:
                                                  main_altfp_add_32_0           
  %27 = fadd float %21, %21 (idx: 0)              1                             
Checking that every operator was assigned to a functional unit...yes
Binding operator -> functional unit assignments:
  %27 = fadd float %21, %21 (idx: 0) -> main_altfp_add_32_0 (mux inputs: 7)
State: LEGUP_F_main_BB__40
Binding functional unit type: mem_dual_port
Weight matrix for operation/function unit matching:
  %43 = load float* %42, align... can share an output register with another operation already assigned to main_mem_dual_port_0
  %43 = load float* %42, align... can share an output register with another operation already assigned to main_mem_dual_port_1
  %45 = load float* %44, align... can share an output register with another operation already assigned to main_mem_dual_port_0
  %45 = load float* %44, align... can share an output register with another operation already assigned to main_mem_dual_port_1
                                                  main_mem_dual_port_0          main_mem_dual_port_1          
  %43 = load float* %42, align... (idx: 0)        11                            10                            
  %45 = load float* %44, align... (idx: 1)        11                            10                            
Solving Bipartite Weighted Matching (minimize weights)...
Assignment matrix after operation/function unit matching:
                                                  main_mem_dual_port_0          main_mem_dual_port_1          
  %43 = load float* %42, align... (idx: 0)        1                             0                             
  %45 = load float* %44, align... (idx: 1)        0                             1                             
Checking that every operator was assigned to a functional unit...yes
Binding operator -> functional unit assignments:
  %43 = load float* %42, align... (idx: 0) -> main_mem_dual_port_0 (mux inputs: 7)
  %45 = load float* %44, align... (idx: 1) -> main_mem_dual_port_1 (mux inputs: 6)
State: LEGUP_F_main_BB__48
Binding functional unit type: altfp_multiply_32
Weight matrix for operation/function unit matching:
  %49 = fmul float %21, 0x3FF7... can share an output register with another operation already assigned to main_altfp_multiply_32_0
                                                  main_altfp_multiply_32_0      
  %49 = fmul float %21, 0x3FF7... (idx: 0)        7                             
Solving Bipartite Weighted Matching (minimize weights)...
Assignment matrix after operation/function unit matching:
                                                  main_altfp_multiply_32_0      
  %49 = fmul float %21, 0x3FF7... (idx: 0)        1                             
Checking that every operator was assigned to a functional unit...yes
Binding operator -> functional unit assignments:
  %49 = fmul float %21, 0x3FF7... (idx: 0) -> main_altfp_multiply_32_0 (mux inputs: 3)
State: LEGUP_F_main_BB__48
Binding functional unit type: mem_dual_port
Weight matrix for operation/function unit matching:
  %52 = load float* %51, align... can share an output register with another operation already assigned to main_mem_dual_port_0
  %52 = load float* %51, align... can share an output register with another operation already assigned to main_mem_dual_port_1
                                                  main_mem_dual_port_0          main_mem_dual_port_1          
  %52 = load float* %51, align... (idx: 0)        12                            11                            
Solving Bipartite Weighted Matching (minimize weights)...
Assignment matrix after operation/function unit matching:
                                                  main_mem_dual_port_0          main_mem_dual_port_1          
  %52 = load float* %51, align... (idx: 0)        0                             1                             
Checking that every operator was assigned to a functional unit...yes
Binding operator -> functional unit assignments:
  %52 = load float* %51, align... (idx: 0) -> main_mem_dual_port_1 (mux inputs: 7)
State: LEGUP_F_main_BB__48
Binding functional unit type: altfp_add_32
Weight matrix for operation/function unit matching:
  %53 = fadd float %49, %52 can share an output register with another operation already assigned to main_altfp_add_32_0
                                                  main_altfp_add_32_0           
  %53 = fadd float %49, %52 (idx: 0)              22                            
Solving Bipartite Weighted Matching (minimize weights)...
Assignment matrix after operation/function unit matching:
                                                  main_altfp_add_32_0           
  %53 = fadd float %49, %52 (idx: 0)              1                             
Checking that every operator was assigned to a functional unit...yes
Binding operator -> functional unit assignments:
  %53 = fadd float %49, %52 (idx: 0) -> main_altfp_add_32_0 (mux inputs: 9)
State: LEGUP_F_main_BB__48
Binding functional unit type: altfp_fptosi_32
Weight matrix for operation/function unit matching:
                                                  main_altfp_fptosi_32_0        
  %54 = fptosi float %53 to i3... (idx: 0)        10                            
Solving Bipartite Weighted Matching (minimize weights)...
Assignment matrix after operation/function unit matching:
                                                  main_altfp_fptosi_32_0        
  %54 = fptosi float %53 to i3... (idx: 0)        1                             
Checking that every operator was assigned to a functional unit...yes
Binding operator -> functional unit assignments:
  %54 = fptosi float %53 to i3... (idx: 0) -> main_altfp_fptosi_32_0 (mux inputs: 1)
State: LEGUP_F_main_BB__48
Binding functional unit type: altfp_sitofp_32
Weight matrix for operation/function unit matching:
                                                  main_altfp_sitofp_32_0        
  %55 = sitofp i32 %54 to floa... (idx: 0)        10                            
Solving Bipartite Weighted Matching (minimize weights)...
Assignment matrix after operation/function unit matching:
                                                  main_altfp_sitofp_32_0        
  %55 = sitofp i32 %54 to floa... (idx: 0)        1                             
Checking that every operator was assigned to a functional unit...yes
Binding operator -> functional unit assignments:
  %55 = sitofp i32 %54 to floa... (idx: 0) -> main_altfp_sitofp_32_0 (mux inputs: 1)
State: LEGUP_F_main_BB__48
Binding functional unit type: altfp_multiply_32
Weight matrix for operation/function unit matching:
  %56 = fmul float %55, 0x3FE6... can share an output register with another operation already assigned to main_altfp_multiply_32_0
                                                  main_altfp_multiply_32_0      
  %56 = fmul float %55, 0x3FE6... (idx: 0)        8                             
Solving Bipartite Weighted Matching (minimize weights)...
Assignment matrix after operation/function unit matching:
                                                  main_altfp_multiply_32_0      
  %56 = fmul float %55, 0x3FE6... (idx: 0)        1                             
Checking that every operator was assigned to a functional unit...yes
Binding operator -> functional unit assignments:
  %56 = fmul float %55, 0x3FE6... (idx: 0) -> main_altfp_multiply_32_0 (mux inputs: 4)
State: LEGUP_F_main_BB__48
Binding functional unit type: altfp_multiply_32
Weight matrix for operation/function unit matching:
  %57 = fmul float %55, 0x3EE2... can share an input with another operation already assigned to main_altfp_multiply_32_0
  %57 = fmul float %55, 0x3EE2... can share an output register with another operation already assigned to main_altfp_multiply_32_0
                                                  main_altfp_multiply_32_0      
  %57 = fmul float %55, 0x3EE2... (idx: 0)        -1                            
Solving Bipartite Weighted Matching (minimize weights)...
Assignment matrix after operation/function unit matching:
                                                  main_altfp_multiply_32_0      
  %57 = fmul float %55, 0x3EE2... (idx: 0)        1                             
Checking that every operator was assigned to a functional unit...yes
Binding operator -> functional unit assignments:
  %57 = fmul float %55, 0x3EE2... (idx: 0) -> main_altfp_multiply_32_0 (mux inputs: 4)
State: LEGUP_F_main_BB__58
Binding functional unit type: altfp_subtract_32
Weight matrix for operation/function unit matching:
                                                  main_altfp_subtract_32_0      
  %hi.i.i.1 = fsub float %21, ... (idx: 0)        22                            
Solving Bipartite Weighted Matching (minimize weights)...
Assignment matrix after operation/function unit matching:
                                                  main_altfp_subtract_32_0      
  %hi.i.i.1 = fsub float %21, ... (idx: 0)        1                             
Checking that every operator was assigned to a functional unit...yes
Binding operator -> functional unit assignments:
  %hi.i.i.1 = fsub float %21, ... (idx: 0) -> main_altfp_subtract_32_0 (mux inputs: 4)
State: LEGUP_F_main_BB__58
Binding functional unit type: altfp_subtract_32
Weight matrix for operation/function unit matching:
                                                  main_altfp_subtract_32_0      
  %59 = fsub float %hi.i.i.1, ... (idx: 0)        24                            
Solving Bipartite Weighted Matching (minimize weights)...
Assignment matrix after operation/function unit matching:
                                                  main_altfp_subtract_32_0      
  %59 = fsub float %hi.i.i.1, ... (idx: 0)        1                             
Checking that every operator was assigned to a functional unit...yes
Binding operator -> functional unit assignments:
  %59 = fsub float %hi.i.i.1, ... (idx: 0) -> main_altfp_subtract_32_0 (mux inputs: 6)
State: LEGUP_F_main_BB__60
Binding functional unit type: altfp_add_32
Weight matrix for operation/function unit matching:
  %62 = fadd float %21, 0x4629... can share an input with another operation already assigned to main_altfp_add_32_0
  %62 = fadd float %21, 0x4629... can share an output register with another operation already assigned to main_altfp_add_32_0
                                                  main_altfp_add_32_0           
  %62 = fadd float %21, 0x4629... (idx: 0)        4                             
Solving Bipartite Weighted Matching (minimize weights)...
Assignment matrix after operation/function unit matching:
                                                  main_altfp_add_32_0           
  %62 = fadd float %21, 0x4629... (idx: 0)        1                             
Checking that every operator was assigned to a functional unit...yes
Binding operator -> functional unit assignments:
  %62 = fadd float %21, 0x4629... (idx: 0) -> main_altfp_add_32_0 (mux inputs: 9)
State: LEGUP_F_main_BB__64
Binding functional unit type: altfp_add_32
Weight matrix for operation/function unit matching:
  %65 = fadd float %21, 1.0000... can share an input with another operation already assigned to main_altfp_add_32_0
  %65 = fadd float %21, 1.0000... can share an output register with another operation already assigned to main_altfp_add_32_0
                                                  main_altfp_add_32_0           
  %65 = fadd float %21, 1.0000... (idx: 0)        4                             
Solving Bipartite Weighted Matching (minimize weights)...
Assignment matrix after operation/function unit matching:
                                                  main_altfp_add_32_0           
  %65 = fadd float %21, 1.0000... (idx: 0)        1                             
Checking that every operator was assigned to a functional unit...yes
Binding operator -> functional unit assignments:
  %65 = fadd float %21, 1.0000... (idx: 0) -> main_altfp_add_32_0 (mux inputs: 9)
State: LEGUP_F_main_BB__66
Binding functional unit type: altfp_multiply_32
Weight matrix for operation/function unit matching:
  %67 = fmul float %.048, %.04... can share an output register with another operation already assigned to main_altfp_multiply_32_0
                                                  main_altfp_multiply_32_0      
  %67 = fmul float %.048, %.04... (idx: 0)        19                            
Solving Bipartite Weighted Matching (minimize weights)...
Assignment matrix after operation/function unit matching:
                                                  main_altfp_multiply_32_0      
  %67 = fmul float %.048, %.04... (idx: 0)        1                             
Checking that every operator was assigned to a functional unit...yes
Binding operator -> functional unit assignments:
  %67 = fmul float %.048, %.04... (idx: 0) -> main_altfp_multiply_32_0 (mux inputs: 5)
State: LEGUP_F_main_BB__66
Binding functional unit type: altfp_multiply_32
Weight matrix for operation/function unit matching:
  %68 = fmul float %67, 0x3E66... can share an output register with another operation already assigned to main_altfp_multiply_32_0
                                                  main_altfp_multiply_32_0      
  %68 = fmul float %67, 0x3E66... (idx: 0)        10                            
Solving Bipartite Weighted Matching (minimize weights)...
Assignment matrix after operation/function unit matching:
                                                  main_altfp_multiply_32_0      
  %68 = fmul float %67, 0x3E66... (idx: 0)        1                             
Checking that every operator was assigned to a functional unit...yes
Binding operator -> functional unit assignments:
  %68 = fmul float %67, 0x3E66... (idx: 0) -> main_altfp_multiply_32_0 (mux inputs: 6)
State: LEGUP_F_main_BB__66
Binding functional unit type: altfp_add_32
Weight matrix for operation/function unit matching:
  %69 = fadd float %68, 0xBEBB... can share an output register with another operation already assigned to main_altfp_add_32_0
                                                  main_altfp_add_32_0           
  %69 = fadd float %68, 0xBEBB... (idx: 0)        14                            
Solving Bipartite Weighted Matching (minimize weights)...
Assignment matrix after operation/function unit matching:
                                                  main_altfp_add_32_0           
  %69 = fadd float %68, 0xBEBB... (idx: 0)        1                             
Checking that every operator was assigned to a functional unit...yes
Binding operator -> functional unit assignments:
  %69 = fadd float %68, 0xBEBB... (idx: 0) -> main_altfp_add_32_0 (mux inputs: 10)
State: LEGUP_F_main_BB__66
Binding functional unit type: altfp_multiply_32
Weight matrix for operation/function unit matching:
  %70 = fmul float %67, %69 can share an input with another operation already assigned to main_altfp_multiply_32_0
  %70 = fmul float %67, %69 can share an output register with another operation already assigned to main_altfp_multiply_32_0
                                                  main_altfp_multiply_32_0      
  %70 = fmul float %67, %69 (idx: 0)              11                            
Solving Bipartite Weighted Matching (minimize weights)...
Assignment matrix after operation/function unit matching:
                                                  main_altfp_multiply_32_0      
  %70 = fmul float %67, %69 (idx: 0)              1                             
Checking that every operator was assigned to a functional unit...yes
Binding operator -> functional unit assignments:
  %70 = fmul float %67, %69 (idx: 0) -> main_altfp_multiply_32_0 (mux inputs: 7)
State: LEGUP_F_main_BB__66
Binding functional unit type: altfp_add_32
Weight matrix for operation/function unit matching:
  %71 = fadd float %70, 0x3F11... can share an output register with another operation already assigned to main_altfp_add_32_0
                                                  main_altfp_add_32_0           
  %71 = fadd float %70, 0x3F11... (idx: 0)        15                            
Solving Bipartite Weighted Matching (minimize weights)...
Assignment matrix after operation/function unit matching:
                                                  main_altfp_add_32_0           
  %71 = fadd float %70, 0x3F11... (idx: 0)        1                             
Checking that every operator was assigned to a functional unit...yes
Binding operator -> functional unit assignments:
  %71 = fadd float %70, 0x3F11... (idx: 0) -> main_altfp_add_32_0 (mux inputs: 11)
State: LEGUP_F_main_BB__66
Binding functional unit type: altfp_multiply_32
Weight matrix for operation/function unit matching:
  %72 = fmul float %67, %71 can share an input with another operation already assigned to main_altfp_multiply_32_0
  %72 = fmul float %67, %71 can share an output register with another operation already assigned to main_altfp_multiply_32_0
                                                  main_altfp_multiply_32_0      
  %72 = fmul float %67, %71 (idx: 0)              12                            
Solving Bipartite Weighted Matching (minimize weights)...
Assignment matrix after operation/function unit matching:
                                                  main_altfp_multiply_32_0      
  %72 = fmul float %67, %71 (idx: 0)              1                             
Checking that every operator was assigned to a functional unit...yes
Binding operator -> functional unit assignments:
  %72 = fmul float %67, %71 (idx: 0) -> main_altfp_multiply_32_0 (mux inputs: 8)
State: LEGUP_F_main_BB__66
Binding functional unit type: altfp_add_32
Weight matrix for operation/function unit matching:
  %73 = fadd float %72, 0xBF66... can share an output register with another operation already assigned to main_altfp_add_32_0
                                                  main_altfp_add_32_0           
  %73 = fadd float %72, 0xBF66... (idx: 0)        16                            
Solving Bipartite Weighted Matching (minimize weights)...
Assignment matrix after operation/function unit matching:
                                                  main_altfp_add_32_0           
  %73 = fadd float %72, 0xBF66... (idx: 0)        1                             
Checking that every operator was assigned to a functional unit...yes
Binding operator -> functional unit assignments:
  %73 = fadd float %72, 0xBF66... (idx: 0) -> main_altfp_add_32_0 (mux inputs: 12)
State: LEGUP_F_main_BB__66
Binding functional unit type: altfp_multiply_32
Weight matrix for operation/function unit matching:
  %74 = fmul float %67, %73 can share an input with another operation already assigned to main_altfp_multiply_32_0
  %74 = fmul float %67, %73 can share an output register with another operation already assigned to main_altfp_multiply_32_0
                                                  main_altfp_multiply_32_0      
  %74 = fmul float %67, %73 (idx: 0)              13                            
Solving Bipartite Weighted Matching (minimize weights)...
Assignment matrix after operation/function unit matching:
                                                  main_altfp_multiply_32_0      
  %74 = fmul float %67, %73 (idx: 0)              1                             
Checking that every operator was assigned to a functional unit...yes
Binding operator -> functional unit assignments:
  %74 = fmul float %67, %73 (idx: 0) -> main_altfp_multiply_32_0 (mux inputs: 9)
State: LEGUP_F_main_BB__66
Binding functional unit type: altfp_add_32
Weight matrix for operation/function unit matching:
  %75 = fadd float %74, 0x3FC5... can share an output register with another operation already assigned to main_altfp_add_32_0
                                                  main_altfp_add_32_0           
  %75 = fadd float %74, 0x3FC5... (idx: 0)        17                            
Solving Bipartite Weighted Matching (minimize weights)...
Assignment matrix after operation/function unit matching:
                                                  main_altfp_add_32_0           
  %75 = fadd float %74, 0x3FC5... (idx: 0)        1                             
Checking that every operator was assigned to a functional unit...yes
Binding operator -> functional unit assignments:
  %75 = fadd float %74, 0x3FC5... (idx: 0) -> main_altfp_add_32_0 (mux inputs: 13)
State: LEGUP_F_main_BB__66
Binding functional unit type: altfp_multiply_32
Weight matrix for operation/function unit matching:
  %76 = fmul float %67, %75 can share an input with another operation already assigned to main_altfp_multiply_32_0
  %76 = fmul float %67, %75 can share an output register with another operation already assigned to main_altfp_multiply_32_0
                                                  main_altfp_multiply_32_0      
  %76 = fmul float %67, %75 (idx: 0)              14                            
Solving Bipartite Weighted Matching (minimize weights)...
Assignment matrix after operation/function unit matching:
                                                  main_altfp_multiply_32_0      
  %76 = fmul float %67, %75 (idx: 0)              1                             
Checking that every operator was assigned to a functional unit...yes
Binding operator -> functional unit assignments:
  %76 = fmul float %67, %75 (idx: 0) -> main_altfp_multiply_32_0 (mux inputs: 10)
State: LEGUP_F_main_BB__66
Binding functional unit type: altfp_subtract_32
Weight matrix for operation/function unit matching:
  %77 = fsub float %.048, %76 can share an output register with another operation already assigned to main_altfp_subtract_32_0
                                                  main_altfp_subtract_32_0      
  %77 = fsub float %.048, %76 (idx: 0)            21                            
Solving Bipartite Weighted Matching (minimize weights)...
Assignment matrix after operation/function unit matching:
                                                  main_altfp_subtract_32_0      
  %77 = fsub float %.048, %76 (idx: 0)            1                             
Checking that every operator was assigned to a functional unit...yes
Binding operator -> functional unit assignments:
  %77 = fsub float %.048, %76 (idx: 0) -> main_altfp_subtract_32_0 (mux inputs: 8)
State: LEGUP_F_main_BB__66
Binding functional unit type: altfp_multiply_32
Weight matrix for operation/function unit matching:
  %79 = fmul float %.048, %77 can share an input with another operation already assigned to main_altfp_multiply_32_0
  %79 = fmul float %.048, %77 can share an output register with another operation already assigned to main_altfp_multiply_32_0
                                                  main_altfp_multiply_32_0      
  %79 = fmul float %.048, %77 (idx: 0)            15                            
Solving Bipartite Weighted Matching (minimize weights)...
Assignment matrix after operation/function unit matching:
                                                  main_altfp_multiply_32_0      
  %79 = fmul float %.048, %77 (idx: 0)            1                             
Checking that every operator was assigned to a functional unit...yes
Binding operator -> functional unit assignments:
  %79 = fmul float %.048, %77 (idx: 0) -> main_altfp_multiply_32_0 (mux inputs: 11)
State: LEGUP_F_main_BB__80
Binding functional unit type: altfp_add_32
Weight matrix for operation/function unit matching:
  %81 = fadd float %77, -2.000... can share an output register with another operation already assigned to main_altfp_add_32_0
                                                  main_altfp_add_32_0           
  %81 = fadd float %77, -2.000... (idx: 0)        18                            
Solving Bipartite Weighted Matching (minimize weights)...
Assignment matrix after operation/function unit matching:
                                                  main_altfp_add_32_0           
  %81 = fadd float %77, -2.000... (idx: 0)        1                             
Checking that every operator was assigned to a functional unit...yes
Binding operator -> functional unit assignments:
  %81 = fadd float %77, -2.000... (idx: 0) -> main_altfp_add_32_0 (mux inputs: 14)
State: LEGUP_F_main_BB__80
Binding functional unit type: altfp_divide_32
Weight matrix for operation/function unit matching:
                                                  main_altfp_divide_32_0        
  %82 = fdiv float %79, %81 (idx: 0)              20                            
Solving Bipartite Weighted Matching (minimize weights)...
Assignment matrix after operation/function unit matching:
                                                  main_altfp_divide_32_0        
  %82 = fdiv float %79, %81 (idx: 0)              1                             
Checking that every operator was assigned to a functional unit...yes
Binding operator -> functional unit assignments:
  %82 = fdiv float %79, %81 (idx: 0) -> main_altfp_divide_32_0 (mux inputs: 2)
State: LEGUP_F_main_BB__80
Binding functional unit type: altfp_subtract_32
Weight matrix for operation/function unit matching:
  %83 = fsub float %82, %.048 can share an input with another operation already assigned to main_altfp_subtract_32_0
  %83 = fsub float %82, %.048 can share an output register with another operation already assigned to main_altfp_subtract_32_0
                                                  main_altfp_subtract_32_0      
  %83 = fsub float %82, %.048 (idx: 0)            13                            
Solving Bipartite Weighted Matching (minimize weights)...
Assignment matrix after operation/function unit matching:
                                                  main_altfp_subtract_32_0      
  %83 = fsub float %82, %.048 (idx: 0)            1                             
Checking that every operator was assigned to a functional unit...yes
Binding operator -> functional unit assignments:
  %83 = fsub float %82, %.048 (idx: 0) -> main_altfp_subtract_32_0 (mux inputs: 9)
State: LEGUP_F_main_BB__80
Binding functional unit type: altfp_subtract_32
Weight matrix for operation/function unit matching:
  %84 = fsub float 1.000000e+0... can share an output register with another operation already assigned to main_altfp_subtract_32_0
                                                  main_altfp_subtract_32_0      
  %84 = fsub float 1.000000e+0... (idx: 0)        14                            
Solving Bipartite Weighted Matching (minimize weights)...
Assignment matrix after operation/function unit matching:
                                                  main_altfp_subtract_32_0      
  %84 = fsub float 1.000000e+0... (idx: 0)        1                             
Checking that every operator was assigned to a functional unit...yes
Binding operator -> functional unit assignments:
  %84 = fsub float 1.000000e+0... (idx: 0) -> main_altfp_subtract_32_0 (mux inputs: 10)
State: LEGUP_F_main_BB__85
Binding functional unit type: altfp_subtract_32
Weight matrix for operation/function unit matching:
  %86 = fsub float 2.000000e+0... can share an output register with another operation already assigned to main_altfp_subtract_32_0
                                                  main_altfp_subtract_32_0      
  %86 = fsub float 2.000000e+0... (idx: 0)        15                            
Solving Bipartite Weighted Matching (minimize weights)...
Assignment matrix after operation/function unit matching:
                                                  main_altfp_subtract_32_0      
  %86 = fsub float 2.000000e+0... (idx: 0)        1                             
Checking that every operator was assigned to a functional unit...yes
Binding operator -> functional unit assignments:
  %86 = fsub float 2.000000e+0... (idx: 0) -> main_altfp_subtract_32_0 (mux inputs: 11)
State: LEGUP_F_main_BB__85
Binding functional unit type: altfp_divide_32
Weight matrix for operation/function unit matching:
  %87 = fdiv float %79, %86 can share an input with another operation already assigned to main_altfp_divide_32_0
  %87 = fdiv float %79, %86 can share an output register with another operation already assigned to main_altfp_divide_32_0
                                                  main_altfp_divide_32_0        
  %87 = fdiv float %79, %86 (idx: 0)              7                             
Solving Bipartite Weighted Matching (minimize weights)...
Assignment matrix after operation/function unit matching:
                                                  main_altfp_divide_32_0        
  %87 = fdiv float %79, %86 (idx: 0)              1                             
Checking that every operator was assigned to a functional unit...yes
Binding operator -> functional unit assignments:
  %87 = fdiv float %79, %86 (idx: 0) -> main_altfp_divide_32_0 (mux inputs: 3)
State: LEGUP_F_main_BB__85
Binding functional unit type: altfp_subtract_32
Weight matrix for operation/function unit matching:
  %88 = fsub float %lo.i.i.2, ... can share an output register with another operation already assigned to main_altfp_subtract_32_0
                                                  main_altfp_subtract_32_0      
  %88 = fsub float %lo.i.i.2, ... (idx: 0)        26                            
Solving Bipartite Weighted Matching (minimize weights)...
Assignment matrix after operation/function unit matching:
                                                  main_altfp_subtract_32_0      
  %88 = fsub float %lo.i.i.2, ... (idx: 0)        1                             
Checking that every operator was assigned to a functional unit...yes
Binding operator -> functional unit assignments:
  %88 = fsub float %lo.i.i.2, ... (idx: 0) -> main_altfp_subtract_32_0 (mux inputs: 13)
State: LEGUP_F_main_BB__85
Binding functional unit type: altfp_subtract_32
Weight matrix for operation/function unit matching:
  %89 = fsub float %88, %hi.i.... can share an output register with another operation already assigned to main_altfp_subtract_32_0
                                                  main_altfp_subtract_32_0      
  %89 = fsub float %88, %hi.i.... (idx: 0)        28                            
Solving Bipartite Weighted Matching (minimize weights)...
Assignment matrix after operation/function unit matching:
                                                  main_altfp_subtract_32_0      
  %89 = fsub float %88, %hi.i.... (idx: 0)        1                             
Checking that every operator was assigned to a functional unit...yes
Binding operator -> functional unit assignments:
  %89 = fsub float %88, %hi.i.... (idx: 0) -> main_altfp_subtract_32_0 (mux inputs: 15)
State: LEGUP_F_main_BB__85
Binding functional unit type: altfp_subtract_32
Weight matrix for operation/function unit matching:
  %90 = fsub float 1.000000e+0... can share an output register with another operation already assigned to main_altfp_subtract_32_0
                                                  main_altfp_subtract_32_0      
  %90 = fsub float 1.000000e+0... (idx: 0)        20                            
Solving Bipartite Weighted Matching (minimize weights)...
Assignment matrix after operation/function unit matching:
                                                  main_altfp_subtract_32_0      
  %90 = fsub float 1.000000e+0... (idx: 0)        1                             
Checking that every operator was assigned to a functional unit...yes
Binding operator -> functional unit assignments:
  %90 = fsub float 1.000000e+0... (idx: 0) -> main_altfp_subtract_32_0 (mux inputs: 16)
State: LEGUP_F_main_BB__97
Binding functional unit type: altfp_multiply_32
Weight matrix for operation/function unit matching:
  %101 = fmul float %100, 0x39... can share an output register with another operation already assigned to main_altfp_multiply_32_0
                                                  main_altfp_multiply_32_0      
  %101 = fmul float %100, 0x39... (idx: 0)        16                            
Solving Bipartite Weighted Matching (minimize weights)...
Assignment matrix after operation/function unit matching:
                                                  main_altfp_multiply_32_0      
  %101 = fmul float %100, 0x39... (idx: 0)        1                             
Checking that every operator was assigned to a functional unit...yes
Binding operator -> functional unit assignments:
  %101 = fmul float %100, 0x39... (idx: 0) -> main_altfp_multiply_32_0 (mux inputs: 12)
State: LEGUP_F_main_BB_expfexit
Binding functional unit type: mem_dual_port
Weight matrix for operation/function unit matching:
  store float %.0, float* %sce... can share an output register with another operation already assigned to main_mem_dual_port_0
  store float %.0, float* %sce... can share an output register with another operation already assigned to main_mem_dual_port_1
                                                  main_mem_dual_port_0          main_mem_dual_port_1          
  store float %.0, float* %sce... (idx: 0)        22                            22                            
Solving Bipartite Weighted Matching (minimize weights)...
Assignment matrix after operation/function unit matching:
                                                  main_mem_dual_port_0          main_mem_dual_port_1          
  store float %.0, float* %sce... (idx: 0)        1                             0                             
Checking that every operator was assigned to a functional unit...yes
Binding operator -> functional unit assignments:
  store float %.0, float* %sce... (idx: 0) -> main_mem_dual_port_0 (mux inputs: 9)
State: LEGUP_F_main_BB_reduce1innerloop_bodyreduction_dim1
Binding functional unit type: mem_dual_port
Weight matrix for operation/function unit matching:
  %104 = load float* %scevgep3... can share an output register with another operation already assigned to main_mem_dual_port_0
  %104 = load float* %scevgep3... can share an output register with another operation already assigned to main_mem_dual_port_1
                                                  main_mem_dual_port_0          main_mem_dual_port_1          
  %104 = load float* %scevgep3... (idx: 0)        14                            12                            
Solving Bipartite Weighted Matching (minimize weights)...
Assignment matrix after operation/function unit matching:
                                                  main_mem_dual_port_0          main_mem_dual_port_1          
  %104 = load float* %scevgep3... (idx: 0)        0                             1                             
Checking that every operator was assigned to a functional unit...yes
Binding operator -> functional unit assignments:
  %104 = load float* %scevgep3... (idx: 0) -> main_mem_dual_port_1 (mux inputs: 8)
State: LEGUP_F_main_BB_reduce1innerloop_bodyreduction_dim1
Binding functional unit type: altfp_add_32
Weight matrix for operation/function unit matching:
                                                  main_altfp_add_32_0           
  %105 = fadd float %103, %104 (idx: 0)           34                            
Solving Bipartite Weighted Matching (minimize weights)...
Assignment matrix after operation/function unit matching:
                                                  main_altfp_add_32_0           
  %105 = fadd float %103, %104 (idx: 0)           1                             
Checking that every operator was assigned to a functional unit...yes
Binding operator -> functional unit assignments:
  %105 = fadd float %103, %104 (idx: 0) -> main_altfp_add_32_0 (mux inputs: 16)
State: LEGUP_F_main_BB_fusionloop_bodydim0
Binding functional unit type: mem_dual_port
Weight matrix for operation/function unit matching:
  %107 = load float* %scevgep2... can share an output register with another operation already assigned to main_mem_dual_port_0
  %107 = load float* %scevgep2... can share an output register with another operation already assigned to main_mem_dual_port_1
                                                  main_mem_dual_port_0          main_mem_dual_port_1          
  %107 = load float* %scevgep2... (idx: 0)        14                            13                            
Solving Bipartite Weighted Matching (minimize weights)...
Assignment matrix after operation/function unit matching:
                                                  main_mem_dual_port_0          main_mem_dual_port_1          
  %107 = load float* %scevgep2... (idx: 0)        0                             1                             
Checking that every operator was assigned to a functional unit...yes
Binding operator -> functional unit assignments:
  %107 = load float* %scevgep2... (idx: 0) -> main_mem_dual_port_1 (mux inputs: 9)
State: LEGUP_F_main_BB_fusionloop_bodydim0
Binding functional unit type: altfp_divide_32
Weight matrix for operation/function unit matching:
  %108 = fdiv float %107, %105 can share an output register with another operation already assigned to main_altfp_divide_32_0
                                                  main_altfp_divide_32_0        
  %108 = fdiv float %107, %105 (idx: 0)           18                            
Solving Bipartite Weighted Matching (minimize weights)...
Assignment matrix after operation/function unit matching:
                                                  main_altfp_divide_32_0        
  %108 = fdiv float %107, %105 (idx: 0)           1                             
Checking that every operator was assigned to a functional unit...yes
Binding operator -> functional unit assignments:
  %108 = fdiv float %107, %105 (idx: 0) -> main_altfp_divide_32_0 (mux inputs: 5)
State: LEGUP_F_main_BB_fusionloop_bodydim0
Binding functional unit type: mem_dual_port
Weight matrix for operation/function unit matching:
  store volatile float %108, f... can share an output register with another operation already assigned to main_mem_dual_port_0
  store volatile float %108, f... can share an output register with another operation already assigned to main_mem_dual_port_1
                                                  main_mem_dual_port_0          main_mem_dual_port_1          
  store volatile float %108, f... (idx: 0)        24                            24                            
Solving Bipartite Weighted Matching (minimize weights)...
Assignment matrix after operation/function unit matching:
                                                  main_mem_dual_port_0          main_mem_dual_port_1          
  store volatile float %108, f... (idx: 0)        1                             0                             
Checking that every operator was assigned to a functional unit...yes
Binding operator -> functional unit assignments:
  store volatile float %108, f... (idx: 0) -> main_mem_dual_port_0 (mux inputs: 11)
State: LEGUP_F_main_BB_fusionloop_exitdim0
Binding functional unit type: mem_dual_port
Weight matrix for operation/function unit matching:
  %leflow_retval = load volati... can share an output register with another operation already assigned to main_mem_dual_port_0
  %leflow_retval = load volati... can share an output register with another operation already assigned to main_mem_dual_port_1
                                                  main_mem_dual_port_0          main_mem_dual_port_1          
  %leflow_retval = load volati... (idx: 0)        6                             4                             
Solving Bipartite Weighted Matching (minimize weights)...
Assignment matrix after operation/function unit matching:
                                                  main_mem_dual_port_0          main_mem_dual_port_1          
  %leflow_retval = load volati... (idx: 0)        0                             1                             
Checking that every operator was assigned to a functional unit...yes
Binding operator -> functional unit assignments:
  %leflow_retval = load volati... (idx: 0) -> main_mem_dual_port_1 (mux inputs: 9)

