//----------------------------------------------------------------------------//
// Generated by LegUp High-Level Synthesis Tool Version 4.0 (http://legup.org)
// Compiled: Sun Jul 26 12:56:54 2015
// University of Toronto
// For research and academic purposes only. Commercial use is prohibited.
// Please send bugs to: legup@eecg.toronto.edu
// Date: Wed Aug 12 11:25:11 2020
//----------------------------------------------------------------------------//

-------------------------- Datapath Operation Usage --------------------------

Operation "unknown" x 82 
Operation "altfp_add_32" x 13 
Operation "altfp_divide_32" x 3 
Operation "altfp_fptosi_32" x 1 
Operation "altfp_multiply_32" x 12 
Operation "altfp_sitofp_32" x 1 
Operation "altfp_subtract_32" x 10 
Operation "bitwise_XOR_32" x 1 
Operation "signed_add_32" x 3 
Operation "signed_add_64" x 7 
Operation "signed_comp_eq_32" x 3 
Operation "signed_comp_eq_64" x 7 
Operation "signed_comp_eq_mux_32" x 2 
Operation "signed_comp_gt_32" x 2 
Operation "signed_comp_lt_32" x 1 
Operation "signed_comp_oge_32" x 1 
Operation "signed_comp_ogt_32" x 1 
Operation "signed_comp_ueq_32" x 1 
Operation "signed_subtract_32" x 1 
Operation "unsigned_comp_gt_32" x 3 
Operation "unsigned_comp_lt_32" x 2 

----------------------------- General Information -----------------------------

Number of declared variables in main: 139
Critical path contains operation: altfp_divide_32

------------------------------ Resource Estimate ------------------------------

Fmax: 340 MHz
Note: Assuming only 128 DSPs available
Warning: These estimates don't account for binding yet!
Logic Elements: 24857
    Combinational: 28543
    Registers: 6968
DSP Elements: 48
