//----------------------------------------------------------------------------//
// Generated by LegUp High-Level Synthesis Tool Version 4.0 (http://legup.org)
// Compiled: Sun Jul 26 12:56:54 2015
// University of Toronto
// For research and academic purposes only. Commercial use is prohibited.
// Please send bugs to: legup@eecg.toronto.edu
// Date: Wed Aug 12 11:25:10 2020
//----------------------------------------------------------------------------//

Target Family: StratixIV
Clock period constraint: 6.000000e+00ns
Start Function: main
state: LEGUP_0
   br label %dot.loop_body.reduction.lr.ph
   Transition: if (start): LEGUP_F_main_BB_dotloop_bodyreductionlrph_1 default: LEGUP_0
state: LEGUP_F_main_BB_dotloop_bodyreductionlrph_1
   %dot.indvar.rhs.122 = phi i64 [ 0, %dot.loop_body.rhs.1.lr.ph ], [ %6, %dot.loop_exit.reduction ] (endState: LEGUP_F_main_BB_dotloop_bodyreductionlrph_1)
   %scevgep23 = getelementptr [1 x [10 x float]]* @temp0, i64 0, i64 0, i64 %dot.indvar.rhs.122 (endState: LEGUP_F_main_BB_dotloop_bodyreductionlrph_1)
   br label %dot.loop_body.reduction
   Transition: default: LEGUP_F_main_BB_dotloop_bodyreduction_2
state: LEGUP_F_main_BB_dotloop_bodyreduction_2
   %0 = phi float [ 0.000000e+00, %dot.loop_body.reduction.lr.ph ], [ %4, %dot.loop_body.reduction ] (endState: LEGUP_F_main_BB_dotloop_bodyreduction_2)
   %dot.indvar.reduction20 = phi i64 [ 0, %dot.loop_body.reduction.lr.ph ], [ %5, %dot.loop_body.reduction ] (endState: LEGUP_F_main_BB_dotloop_bodyreduction_2)
   %scevgep19 = getelementptr [784 x [10 x float]]* @param1, i64 0, i64 %dot.indvar.reduction20, i64 %dot.indvar.rhs.122 (endState: LEGUP_F_main_BB_dotloop_bodyreduction_2)
   %scevgep20 = getelementptr [1 x [784 x float]]* @param2, i64 0, i64 0, i64 %dot.indvar.reduction20 (endState: LEGUP_F_main_BB_dotloop_bodyreduction_2)
   %1 = load volatile float* %scevgep20, align 4 (endState: LEGUP_F_main_BB_dotloop_bodyreduction_4)
   %2 = load volatile float* %scevgep19, align 4 (endState: LEGUP_F_main_BB_dotloop_bodyreduction_4)
   %5 = add nuw nsw i64 %dot.indvar.reduction20, 1 (endState: LEGUP_F_main_BB_dotloop_bodyreduction_2)
   %exitcond18 = icmp eq i64 %5, 784 (endState: LEGUP_F_main_BB_dotloop_bodyreduction_2)
   Transition: default: LEGUP_F_main_BB_dotloop_bodyreduction_3
state: LEGUP_F_main_BB_dotloop_bodyreduction_3
   Transition: default: LEGUP_F_main_BB_dotloop_bodyreduction_4
state: LEGUP_F_main_BB_dotloop_bodyreduction_4
   %3 = fmul float %1, %2 (endState: LEGUP_F_main_BB_dotloop_bodyreduction_15)
   Transition: default: LEGUP_F_main_BB_dotloop_bodyreduction_5
state: LEGUP_F_main_BB_dotloop_bodyreduction_5
   Transition: default: LEGUP_F_main_BB_dotloop_bodyreduction_6
state: LEGUP_F_main_BB_dotloop_bodyreduction_6
   Transition: default: LEGUP_F_main_BB_dotloop_bodyreduction_7
state: LEGUP_F_main_BB_dotloop_bodyreduction_7
   Transition: default: LEGUP_F_main_BB_dotloop_bodyreduction_8
state: LEGUP_F_main_BB_dotloop_bodyreduction_8
   Transition: default: LEGUP_F_main_BB_dotloop_bodyreduction_9
state: LEGUP_F_main_BB_dotloop_bodyreduction_9
   Transition: default: LEGUP_F_main_BB_dotloop_bodyreduction_10
state: LEGUP_F_main_BB_dotloop_bodyreduction_10
   Transition: default: LEGUP_F_main_BB_dotloop_bodyreduction_11
state: LEGUP_F_main_BB_dotloop_bodyreduction_11
   Transition: default: LEGUP_F_main_BB_dotloop_bodyreduction_12
state: LEGUP_F_main_BB_dotloop_bodyreduction_12
   Transition: default: LEGUP_F_main_BB_dotloop_bodyreduction_13
state: LEGUP_F_main_BB_dotloop_bodyreduction_13
   Transition: default: LEGUP_F_main_BB_dotloop_bodyreduction_14
state: LEGUP_F_main_BB_dotloop_bodyreduction_14
   Transition: default: LEGUP_F_main_BB_dotloop_bodyreduction_15
state: LEGUP_F_main_BB_dotloop_bodyreduction_15
   %4 = fadd float %0, %3 (endState: LEGUP_F_main_BB_dotloop_bodyreduction_29)
   Transition: default: LEGUP_F_main_BB_dotloop_bodyreduction_16
state: LEGUP_F_main_BB_dotloop_bodyreduction_16
   Transition: default: LEGUP_F_main_BB_dotloop_bodyreduction_17
state: LEGUP_F_main_BB_dotloop_bodyreduction_17
   Transition: default: LEGUP_F_main_BB_dotloop_bodyreduction_18
state: LEGUP_F_main_BB_dotloop_bodyreduction_18
   Transition: default: LEGUP_F_main_BB_dotloop_bodyreduction_19
state: LEGUP_F_main_BB_dotloop_bodyreduction_19
   Transition: default: LEGUP_F_main_BB_dotloop_bodyreduction_20
state: LEGUP_F_main_BB_dotloop_bodyreduction_20
   Transition: default: LEGUP_F_main_BB_dotloop_bodyreduction_21
state: LEGUP_F_main_BB_dotloop_bodyreduction_21
   Transition: default: LEGUP_F_main_BB_dotloop_bodyreduction_22
state: LEGUP_F_main_BB_dotloop_bodyreduction_22
   Transition: default: LEGUP_F_main_BB_dotloop_bodyreduction_23
state: LEGUP_F_main_BB_dotloop_bodyreduction_23
   Transition: default: LEGUP_F_main_BB_dotloop_bodyreduction_24
state: LEGUP_F_main_BB_dotloop_bodyreduction_24
   Transition: default: LEGUP_F_main_BB_dotloop_bodyreduction_25
state: LEGUP_F_main_BB_dotloop_bodyreduction_25
   Transition: default: LEGUP_F_main_BB_dotloop_bodyreduction_26
state: LEGUP_F_main_BB_dotloop_bodyreduction_26
   Transition: default: LEGUP_F_main_BB_dotloop_bodyreduction_27
state: LEGUP_F_main_BB_dotloop_bodyreduction_27
   Transition: default: LEGUP_F_main_BB_dotloop_bodyreduction_28
state: LEGUP_F_main_BB_dotloop_bodyreduction_28
   Transition: default: LEGUP_F_main_BB_dotloop_bodyreduction_29
state: LEGUP_F_main_BB_dotloop_bodyreduction_29
   br i1 %exitcond18, label %dot.loop_exit.reduction, label %dot.loop_body.reduction, !llvm.loop !1
   Transition: if (%exitcond18): LEGUP_F_main_BB_dotloop_exitreduction_30 default: LEGUP_F_main_BB_dotloop_bodyreduction_2
state: LEGUP_F_main_BB_dotloop_exitreduction_30
   store float %4, float* %scevgep23, align 4 (endState: LEGUP_F_main_BB_dotloop_exitreduction_31)
   %6 = add nuw nsw i64 %dot.indvar.rhs.122, 1 (endState: LEGUP_F_main_BB_dotloop_exitreduction_30)
   %exitcond21 = icmp eq i64 %6, 10 (endState: LEGUP_F_main_BB_dotloop_exitreduction_30)
   Transition: default: LEGUP_F_main_BB_dotloop_exitreduction_31
state: LEGUP_F_main_BB_dotloop_exitreduction_31
   br i1 %exitcond21, label %fusion.2.loop_body.dim.1.preheader, label %dot.loop_body.reduction.lr.ph, !llvm.loop !3
   Transition: if (%exitcond21): LEGUP_F_main_BB_fusion2loop_bodydim1preheader_32 default: LEGUP_F_main_BB_dotloop_bodyreductionlrph_1
state: LEGUP_F_main_BB_fusion2loop_bodydim1preheader_32
   br label %fusion.2.loop_body.dim.1
   Transition: default: LEGUP_F_main_BB_fusion2loop_bodydim1_33
state: LEGUP_F_main_BB_fusion2loop_bodydim1_33
   %fusion.2.indvar.dim.116 = phi i64 [ %10, %fusion.2.loop_body.dim.1 ], [ 0, %fusion.2.loop_body.dim.1.preheader ] (endState: LEGUP_F_main_BB_fusion2loop_bodydim1_33)
   %scevgep15 = getelementptr [1 x [10 x float]]* @temp1, i64 0, i64 0, i64 %fusion.2.indvar.dim.116 (endState: LEGUP_F_main_BB_fusion2loop_bodydim1_33)
   %scevgep16 = getelementptr [10 x float]* @param0, i64 0, i64 %fusion.2.indvar.dim.116 (endState: LEGUP_F_main_BB_fusion2loop_bodydim1_33)
   %scevgep17 = getelementptr [1 x [10 x float]]* @temp0, i64 0, i64 0, i64 %fusion.2.indvar.dim.116 (endState: LEGUP_F_main_BB_fusion2loop_bodydim1_33)
   %7 = load float* %scevgep17, align 4 (endState: LEGUP_F_main_BB_fusion2loop_bodydim1_35)
   %8 = load volatile float* %scevgep16, align 4 (endState: LEGUP_F_main_BB_fusion2loop_bodydim1_35)
   %10 = add nuw nsw i64 %fusion.2.indvar.dim.116, 1 (endState: LEGUP_F_main_BB_fusion2loop_bodydim1_33)
   %exitcond14 = icmp eq i64 %10, 10 (endState: LEGUP_F_main_BB_fusion2loop_bodydim1_33)
   Transition: default: LEGUP_F_main_BB_fusion2loop_bodydim1_34
state: LEGUP_F_main_BB_fusion2loop_bodydim1_34
   Transition: default: LEGUP_F_main_BB_fusion2loop_bodydim1_35
state: LEGUP_F_main_BB_fusion2loop_bodydim1_35
   %9 = fadd float %7, %8 (endState: LEGUP_F_main_BB_fusion2loop_bodydim1_49)
   Transition: default: LEGUP_F_main_BB_fusion2loop_bodydim1_36
state: LEGUP_F_main_BB_fusion2loop_bodydim1_36
   Transition: default: LEGUP_F_main_BB_fusion2loop_bodydim1_37
state: LEGUP_F_main_BB_fusion2loop_bodydim1_37
   Transition: default: LEGUP_F_main_BB_fusion2loop_bodydim1_38
state: LEGUP_F_main_BB_fusion2loop_bodydim1_38
   Transition: default: LEGUP_F_main_BB_fusion2loop_bodydim1_39
state: LEGUP_F_main_BB_fusion2loop_bodydim1_39
   Transition: default: LEGUP_F_main_BB_fusion2loop_bodydim1_40
state: LEGUP_F_main_BB_fusion2loop_bodydim1_40
   Transition: default: LEGUP_F_main_BB_fusion2loop_bodydim1_41
state: LEGUP_F_main_BB_fusion2loop_bodydim1_41
   Transition: default: LEGUP_F_main_BB_fusion2loop_bodydim1_42
state: LEGUP_F_main_BB_fusion2loop_bodydim1_42
   Transition: default: LEGUP_F_main_BB_fusion2loop_bodydim1_43
state: LEGUP_F_main_BB_fusion2loop_bodydim1_43
   Transition: default: LEGUP_F_main_BB_fusion2loop_bodydim1_44
state: LEGUP_F_main_BB_fusion2loop_bodydim1_44
   Transition: default: LEGUP_F_main_BB_fusion2loop_bodydim1_45
state: LEGUP_F_main_BB_fusion2loop_bodydim1_45
   Transition: default: LEGUP_F_main_BB_fusion2loop_bodydim1_46
state: LEGUP_F_main_BB_fusion2loop_bodydim1_46
   Transition: default: LEGUP_F_main_BB_fusion2loop_bodydim1_47
state: LEGUP_F_main_BB_fusion2loop_bodydim1_47
   Transition: default: LEGUP_F_main_BB_fusion2loop_bodydim1_48
state: LEGUP_F_main_BB_fusion2loop_bodydim1_48
   Transition: default: LEGUP_F_main_BB_fusion2loop_bodydim1_49
state: LEGUP_F_main_BB_fusion2loop_bodydim1_49
   store float %9, float* %scevgep15, align 4 (endState: LEGUP_F_main_BB_fusion2loop_bodydim1_50)
   Transition: default: LEGUP_F_main_BB_fusion2loop_bodydim1_50
state: LEGUP_F_main_BB_fusion2loop_bodydim1_50
   br i1 %exitcond14, label %reduce.inner.loop_body.reduction_dim.1.preheader, label %fusion.2.loop_body.dim.1, !llvm.loop !4
   Transition: if (%exitcond14): LEGUP_F_main_BB_reduceinnerloop_bodyreduction_dim1preheader_51 default: LEGUP_F_main_BB_fusion2loop_bodydim1_33
state: LEGUP_F_main_BB_reduceinnerloop_bodyreduction_dim1preheader_51
   br label %reduce.inner.loop_body.reduction_dim.1
   Transition: default: LEGUP_F_main_BB_reduceinnerloop_bodyreduction_dim1_52
state: LEGUP_F_main_BB_reduceinnerloop_bodyreduction_dim1_52
   %11 = phi float [ %16, %reduce.inner.loop_body.reduction_dim.1 ], [ 0xFFF0000000000000, %reduce.inner.loop_body.reduction_dim.1.preheader ] (endState: LEGUP_F_main_BB_reduceinnerloop_bodyreduction_dim1_52)
   %reduce.inner.indvar.reduction_dim.112 = phi i64 [ %17, %reduce.inner.loop_body.reduction_dim.1 ], [ 0, %reduce.inner.loop_body.reduction_dim.1.preheader ] (endState: LEGUP_F_main_BB_reduceinnerloop_bodyreduction_dim1_52)
   %scevgep13 = getelementptr [1 x [10 x float]]* @temp1, i64 0, i64 0, i64 %reduce.inner.indvar.reduction_dim.112 (endState: LEGUP_F_main_BB_reduceinnerloop_bodyreduction_dim1_52)
   %12 = load float* %scevgep13, align 4 (endState: LEGUP_F_main_BB_reduceinnerloop_bodyreduction_dim1_54)
   %14 = fcmp ueq float %11, 0.000000e+00 (endState: LEGUP_F_main_BB_reduceinnerloop_bodyreduction_dim1_53)
   %17 = add nuw nsw i64 %reduce.inner.indvar.reduction_dim.112, 1 (endState: LEGUP_F_main_BB_reduceinnerloop_bodyreduction_dim1_52)
   %exitcond12 = icmp eq i64 %17, 10 (endState: LEGUP_F_main_BB_reduceinnerloop_bodyreduction_dim1_52)
   Transition: default: LEGUP_F_main_BB_reduceinnerloop_bodyreduction_dim1_53
state: LEGUP_F_main_BB_reduceinnerloop_bodyreduction_dim1_53
   Transition: default: LEGUP_F_main_BB_reduceinnerloop_bodyreduction_dim1_54
state: LEGUP_F_main_BB_reduceinnerloop_bodyreduction_dim1_54
   %13 = fcmp oge float %11, %12 (endState: LEGUP_F_main_BB_reduceinnerloop_bodyreduction_dim1_55)
   Transition: default: LEGUP_F_main_BB_reduceinnerloop_bodyreduction_dim1_55
state: LEGUP_F_main_BB_reduceinnerloop_bodyreduction_dim1_55
   %15 = or i1 %13, %14 (endState: LEGUP_F_main_BB_reduceinnerloop_bodyreduction_dim1_55)
   %16 = select i1 %15, float %11, float %12 (endState: LEGUP_F_main_BB_reduceinnerloop_bodyreduction_dim1_55)
   br i1 %exitcond12, label %fusion.1.loop_body.dim.1.preheader, label %reduce.inner.loop_body.reduction_dim.1, !llvm.loop !5
   Transition: if (%exitcond12): LEGUP_F_main_BB_fusion1loop_bodydim1preheader_56 default: LEGUP_F_main_BB_reduceinnerloop_bodyreduction_dim1_52
state: LEGUP_F_main_BB_fusion1loop_bodydim1preheader_56
   br label %fusion.1.loop_body.dim.1
   Transition: default: LEGUP_F_main_BB_fusion1loop_bodydim1_57
state: LEGUP_F_main_BB_fusion1loop_bodydim1_57
   %lo.i.i.0 = phi float [ %lo.i.i.3, %expf.exit ], [ undef, %fusion.1.loop_body.dim.1.preheader ] (endState: LEGUP_F_main_BB_fusion1loop_bodydim1_57)
   %hi.i.i.0 = phi float [ %hi.i.i.3, %expf.exit ], [ undef, %fusion.1.loop_body.dim.1.preheader ] (endState: LEGUP_F_main_BB_fusion1loop_bodydim1_57)
   %fusion.1.indvar.dim.18 = phi i64 [ %102, %expf.exit ], [ 0, %fusion.1.loop_body.dim.1.preheader ] (endState: LEGUP_F_main_BB_fusion1loop_bodydim1_57)
   %scevgep5 = getelementptr [1 x [10 x float]]* @temp1, i64 0, i64 0, i64 %fusion.1.indvar.dim.18 (endState: LEGUP_F_main_BB_fusion1loop_bodydim1_57)
   %scevgep6 = getelementptr [10 x float]* @param0, i64 0, i64 %fusion.1.indvar.dim.18 (endState: LEGUP_F_main_BB_fusion1loop_bodydim1_57)
   %scevgep7 = getelementptr [1 x [10 x float]]* @temp0, i64 0, i64 0, i64 %fusion.1.indvar.dim.18 (endState: LEGUP_F_main_BB_fusion1loop_bodydim1_57)
   %18 = load float* %scevgep7, align 4 (endState: LEGUP_F_main_BB_fusion1loop_bodydim1_59)
   %19 = load volatile float* %scevgep6, align 4 (endState: LEGUP_F_main_BB_fusion1loop_bodydim1_59)
   Transition: default: LEGUP_F_main_BB_fusion1loop_bodydim1_58
state: LEGUP_F_main_BB_fusion1loop_bodydim1_58
   Transition: default: LEGUP_F_main_BB_fusion1loop_bodydim1_59
state: LEGUP_F_main_BB_fusion1loop_bodydim1_59
   %20 = fadd float %18, %19 (endState: LEGUP_F_main_BB_fusion1loop_bodydim1_73)
   Transition: default: LEGUP_F_main_BB_fusion1loop_bodydim1_60
state: LEGUP_F_main_BB_fusion1loop_bodydim1_60
   Transition: default: LEGUP_F_main_BB_fusion1loop_bodydim1_61
state: LEGUP_F_main_BB_fusion1loop_bodydim1_61
   Transition: default: LEGUP_F_main_BB_fusion1loop_bodydim1_62
state: LEGUP_F_main_BB_fusion1loop_bodydim1_62
   Transition: default: LEGUP_F_main_BB_fusion1loop_bodydim1_63
state: LEGUP_F_main_BB_fusion1loop_bodydim1_63
   Transition: default: LEGUP_F_main_BB_fusion1loop_bodydim1_64
state: LEGUP_F_main_BB_fusion1loop_bodydim1_64
   Transition: default: LEGUP_F_main_BB_fusion1loop_bodydim1_65
state: LEGUP_F_main_BB_fusion1loop_bodydim1_65
   Transition: default: LEGUP_F_main_BB_fusion1loop_bodydim1_66
state: LEGUP_F_main_BB_fusion1loop_bodydim1_66
   Transition: default: LEGUP_F_main_BB_fusion1loop_bodydim1_67
state: LEGUP_F_main_BB_fusion1loop_bodydim1_67
   Transition: default: LEGUP_F_main_BB_fusion1loop_bodydim1_68
state: LEGUP_F_main_BB_fusion1loop_bodydim1_68
   Transition: default: LEGUP_F_main_BB_fusion1loop_bodydim1_69
state: LEGUP_F_main_BB_fusion1loop_bodydim1_69
   Transition: default: LEGUP_F_main_BB_fusion1loop_bodydim1_70
state: LEGUP_F_main_BB_fusion1loop_bodydim1_70
   Transition: default: LEGUP_F_main_BB_fusion1loop_bodydim1_71
state: LEGUP_F_main_BB_fusion1loop_bodydim1_71
   Transition: default: LEGUP_F_main_BB_fusion1loop_bodydim1_72
state: LEGUP_F_main_BB_fusion1loop_bodydim1_72
   Transition: default: LEGUP_F_main_BB_fusion1loop_bodydim1_73
state: LEGUP_F_main_BB_fusion1loop_bodydim1_73
   %21 = fsub float %20, %16 (endState: LEGUP_F_main_BB_fusion1loop_bodydim1_87)
   Transition: default: LEGUP_F_main_BB_fusion1loop_bodydim1_74
state: LEGUP_F_main_BB_fusion1loop_bodydim1_74
   Transition: default: LEGUP_F_main_BB_fusion1loop_bodydim1_75
state: LEGUP_F_main_BB_fusion1loop_bodydim1_75
   Transition: default: LEGUP_F_main_BB_fusion1loop_bodydim1_76
state: LEGUP_F_main_BB_fusion1loop_bodydim1_76
   Transition: default: LEGUP_F_main_BB_fusion1loop_bodydim1_77
state: LEGUP_F_main_BB_fusion1loop_bodydim1_77
   Transition: default: LEGUP_F_main_BB_fusion1loop_bodydim1_78
state: LEGUP_F_main_BB_fusion1loop_bodydim1_78
   Transition: default: LEGUP_F_main_BB_fusion1loop_bodydim1_79
state: LEGUP_F_main_BB_fusion1loop_bodydim1_79
   Transition: default: LEGUP_F_main_BB_fusion1loop_bodydim1_80
state: LEGUP_F_main_BB_fusion1loop_bodydim1_80
   Transition: default: LEGUP_F_main_BB_fusion1loop_bodydim1_81
state: LEGUP_F_main_BB_fusion1loop_bodydim1_81
   Transition: default: LEGUP_F_main_BB_fusion1loop_bodydim1_82
state: LEGUP_F_main_BB_fusion1loop_bodydim1_82
   Transition: default: LEGUP_F_main_BB_fusion1loop_bodydim1_83
state: LEGUP_F_main_BB_fusion1loop_bodydim1_83
   Transition: default: LEGUP_F_main_BB_fusion1loop_bodydim1_84
state: LEGUP_F_main_BB_fusion1loop_bodydim1_84
   Transition: default: LEGUP_F_main_BB_fusion1loop_bodydim1_85
state: LEGUP_F_main_BB_fusion1loop_bodydim1_85
   Transition: default: LEGUP_F_main_BB_fusion1loop_bodydim1_86
state: LEGUP_F_main_BB_fusion1loop_bodydim1_86
   Transition: default: LEGUP_F_main_BB_fusion1loop_bodydim1_87
state: LEGUP_F_main_BB_fusion1loop_bodydim1_87
   %22 = bitcast float %21 to i32 (endState: LEGUP_F_main_BB_fusion1loop_bodydim1_87)
   %23 = lshr i32 %22, 31 (endState: LEGUP_F_main_BB_fusion1loop_bodydim1_87)
   %24 = and i32 %22, 2147483647 (endState: LEGUP_F_main_BB_fusion1loop_bodydim1_87)
   %25 = icmp ugt i32 %24, 2139095040 (endState: LEGUP_F_main_BB_fusion1loop_bodydim1_87)
   br i1 %25, label %26, label %28
   Transition: if (%25): LEGUP_F_main_BB__26_88 default: LEGUP_F_main_BB__28_103
state: LEGUP_F_main_BB__26_88
   %27 = fadd float %21, %21 (endState: LEGUP_F_main_BB__26_102)
   Transition: default: LEGUP_F_main_BB__26_89
state: LEGUP_F_main_BB__26_89
   Transition: default: LEGUP_F_main_BB__26_90
state: LEGUP_F_main_BB__26_90
   Transition: default: LEGUP_F_main_BB__26_91
state: LEGUP_F_main_BB__26_91
   Transition: default: LEGUP_F_main_BB__26_92
state: LEGUP_F_main_BB__26_92
   Transition: default: LEGUP_F_main_BB__26_93
state: LEGUP_F_main_BB__26_93
   Transition: default: LEGUP_F_main_BB__26_94
state: LEGUP_F_main_BB__26_94
   Transition: default: LEGUP_F_main_BB__26_95
state: LEGUP_F_main_BB__26_95
   Transition: default: LEGUP_F_main_BB__26_96
state: LEGUP_F_main_BB__26_96
   Transition: default: LEGUP_F_main_BB__26_97
state: LEGUP_F_main_BB__26_97
   Transition: default: LEGUP_F_main_BB__26_98
state: LEGUP_F_main_BB__26_98
   Transition: default: LEGUP_F_main_BB__26_99
state: LEGUP_F_main_BB__26_99
   Transition: default: LEGUP_F_main_BB__26_100
state: LEGUP_F_main_BB__26_100
   Transition: default: LEGUP_F_main_BB__26_101
state: LEGUP_F_main_BB__26_101
   Transition: default: LEGUP_F_main_BB__26_102
state: LEGUP_F_main_BB__26_102
   br label %expf.exit
   Transition: default: LEGUP_F_main_BB_expfexit_549
state: LEGUP_F_main_BB__28_103
   %29 = icmp eq i32 %24, 2139095040 (endState: LEGUP_F_main_BB__28_103)
   br i1 %29, label %30, label %32
   Transition: if (%29): LEGUP_F_main_BB__30_104 default: LEGUP_F_main_BB__32_105
state: LEGUP_F_main_BB__30_104
   %31 = icmp eq i32 %23, 0 (endState: LEGUP_F_main_BB__30_104)
   %. = select i1 %31, float %21, float 0.000000e+00 (endState: LEGUP_F_main_BB__30_104)
   br label %expf.exit
   Transition: default: LEGUP_F_main_BB_expfexit_549
state: LEGUP_F_main_BB__32_105
   %33 = icmp sgt i32 %22, 1118925335 (endState: LEGUP_F_main_BB__32_105)
   br i1 %33, label %expf.exit, label %34
   Transition: if (%33): LEGUP_F_main_BB_expfexit_549 default: LEGUP_F_main_BB__34_106
state: LEGUP_F_main_BB__34_106
   %35 = icmp slt i32 %22, 0 (endState: LEGUP_F_main_BB__34_106)
   %36 = icmp ugt i32 %24, 1120924085 (endState: LEGUP_F_main_BB__34_106)
   %or.cond = and i1 %35, %36 (endState: LEGUP_F_main_BB__34_106)
   br i1 %or.cond, label %expf.exit, label %thread-pre-split
   Transition: if (%or.cond): LEGUP_F_main_BB_expfexit_549 default: LEGUP_F_main_BB_threadpresplit_107
state: LEGUP_F_main_BB_threadpresplit_107
   %37 = icmp ugt i32 %24, 1051816472 (endState: LEGUP_F_main_BB_threadpresplit_107)
   br i1 %37, label %38, label %60
   Transition: if (%37): LEGUP_F_main_BB__38_108 default: LEGUP_F_main_BB__60_191
state: LEGUP_F_main_BB__38_108
   %39 = icmp ult i32 %24, 1065686418 (endState: LEGUP_F_main_BB__38_108)
   br i1 %39, label %40, label %48
   Transition: if (%39): LEGUP_F_main_BB__40_109 default: LEGUP_F_main_BB__48_112
state: LEGUP_F_main_BB__40_109
   %41 = zext i32 %23 to i64 (endState: LEGUP_F_main_BB__40_109)
   %42 = getelementptr inbounds [2 x float]* @ln2HI31, i64 0, i64 %41 (endState: LEGUP_F_main_BB__40_109)
   %43 = load float* %42, align 4 (endState: LEGUP_F_main_BB__40_111)
   %44 = getelementptr inbounds [2 x float]* @ln2LO32, i64 0, i64 %41 (endState: LEGUP_F_main_BB__40_109)
   %45 = load float* %44, align 4 (endState: LEGUP_F_main_BB__40_111)
   %46 = xor i32 %23, 1 (endState: LEGUP_F_main_BB__40_109)
   %47 = sub nsw i32 %46, %23 (endState: LEGUP_F_main_BB__40_109)
   Transition: default: LEGUP_F_main_BB__40_110
state: LEGUP_F_main_BB__40_110
   Transition: default: LEGUP_F_main_BB__40_111
state: LEGUP_F_main_BB__40_111
   br label %58
   Transition: default: LEGUP_F_main_BB__58_162
state: LEGUP_F_main_BB__48_112
   %49 = fmul float %21, 0x3FF7154760000000 (endState: LEGUP_F_main_BB__48_123)
   %50 = zext i32 %23 to i64 (endState: LEGUP_F_main_BB__48_112)
   %51 = getelementptr inbounds [2 x float]* @halF33, i64 0, i64 %50 (endState: LEGUP_F_main_BB__48_112)
   %52 = load float* %51, align 4 (endState: LEGUP_F_main_BB__48_114)
   Transition: default: LEGUP_F_main_BB__48_113
state: LEGUP_F_main_BB__48_113
   Transition: default: LEGUP_F_main_BB__48_114
state: LEGUP_F_main_BB__48_114
   Transition: default: LEGUP_F_main_BB__48_115
state: LEGUP_F_main_BB__48_115
   Transition: default: LEGUP_F_main_BB__48_116
state: LEGUP_F_main_BB__48_116
   Transition: default: LEGUP_F_main_BB__48_117
state: LEGUP_F_main_BB__48_117
   Transition: default: LEGUP_F_main_BB__48_118
state: LEGUP_F_main_BB__48_118
   Transition: default: LEGUP_F_main_BB__48_119
state: LEGUP_F_main_BB__48_119
   Transition: default: LEGUP_F_main_BB__48_120
state: LEGUP_F_main_BB__48_120
   Transition: default: LEGUP_F_main_BB__48_121
state: LEGUP_F_main_BB__48_121
   Transition: default: LEGUP_F_main_BB__48_122
state: LEGUP_F_main_BB__48_122
   Transition: default: LEGUP_F_main_BB__48_123
state: LEGUP_F_main_BB__48_123
   %53 = fadd float %49, %52 (endState: LEGUP_F_main_BB__48_137)
   Transition: default: LEGUP_F_main_BB__48_124
state: LEGUP_F_main_BB__48_124
   Transition: default: LEGUP_F_main_BB__48_125
state: LEGUP_F_main_BB__48_125
   Transition: default: LEGUP_F_main_BB__48_126
state: LEGUP_F_main_BB__48_126
   Transition: default: LEGUP_F_main_BB__48_127
state: LEGUP_F_main_BB__48_127
   Transition: default: LEGUP_F_main_BB__48_128
state: LEGUP_F_main_BB__48_128
   Transition: default: LEGUP_F_main_BB__48_129
state: LEGUP_F_main_BB__48_129
   Transition: default: LEGUP_F_main_BB__48_130
state: LEGUP_F_main_BB__48_130
   Transition: default: LEGUP_F_main_BB__48_131
state: LEGUP_F_main_BB__48_131
   Transition: default: LEGUP_F_main_BB__48_132
state: LEGUP_F_main_BB__48_132
   Transition: default: LEGUP_F_main_BB__48_133
state: LEGUP_F_main_BB__48_133
   Transition: default: LEGUP_F_main_BB__48_134
state: LEGUP_F_main_BB__48_134
   Transition: default: LEGUP_F_main_BB__48_135
state: LEGUP_F_main_BB__48_135
   Transition: default: LEGUP_F_main_BB__48_136
state: LEGUP_F_main_BB__48_136
   Transition: default: LEGUP_F_main_BB__48_137
state: LEGUP_F_main_BB__48_137
   %54 = fptosi float %53 to i32 (endState: LEGUP_F_main_BB__48_143)
   Transition: default: LEGUP_F_main_BB__48_138
state: LEGUP_F_main_BB__48_138
   Transition: default: LEGUP_F_main_BB__48_139
state: LEGUP_F_main_BB__48_139
   Transition: default: LEGUP_F_main_BB__48_140
state: LEGUP_F_main_BB__48_140
   Transition: default: LEGUP_F_main_BB__48_141
state: LEGUP_F_main_BB__48_141
   Transition: default: LEGUP_F_main_BB__48_142
state: LEGUP_F_main_BB__48_142
   Transition: default: LEGUP_F_main_BB__48_143
state: LEGUP_F_main_BB__48_143
   %55 = sitofp i32 %54 to float (endState: LEGUP_F_main_BB__48_149)
   Transition: default: LEGUP_F_main_BB__48_144
state: LEGUP_F_main_BB__48_144
   Transition: default: LEGUP_F_main_BB__48_145
state: LEGUP_F_main_BB__48_145
   Transition: default: LEGUP_F_main_BB__48_146
state: LEGUP_F_main_BB__48_146
   Transition: default: LEGUP_F_main_BB__48_147
state: LEGUP_F_main_BB__48_147
   Transition: default: LEGUP_F_main_BB__48_148
state: LEGUP_F_main_BB__48_148
   Transition: default: LEGUP_F_main_BB__48_149
state: LEGUP_F_main_BB__48_149
   %56 = fmul float %55, 0x3FE62E3000000000 (endState: LEGUP_F_main_BB__48_160)
   Transition: default: LEGUP_F_main_BB__48_150
state: LEGUP_F_main_BB__48_150
   %57 = fmul float %55, 0x3EE2FEFA20000000 (endState: LEGUP_F_main_BB__48_161)
   Transition: default: LEGUP_F_main_BB__48_151
state: LEGUP_F_main_BB__48_151
   Transition: default: LEGUP_F_main_BB__48_152
state: LEGUP_F_main_BB__48_152
   Transition: default: LEGUP_F_main_BB__48_153
state: LEGUP_F_main_BB__48_153
   Transition: default: LEGUP_F_main_BB__48_154
state: LEGUP_F_main_BB__48_154
   Transition: default: LEGUP_F_main_BB__48_155
state: LEGUP_F_main_BB__48_155
   Transition: default: LEGUP_F_main_BB__48_156
state: LEGUP_F_main_BB__48_156
   Transition: default: LEGUP_F_main_BB__48_157
state: LEGUP_F_main_BB__48_157
   Transition: default: LEGUP_F_main_BB__48_158
state: LEGUP_F_main_BB__48_158
   Transition: default: LEGUP_F_main_BB__48_159
state: LEGUP_F_main_BB__48_159
   Transition: default: LEGUP_F_main_BB__48_160
state: LEGUP_F_main_BB__48_160
   Transition: default: LEGUP_F_main_BB__48_161
state: LEGUP_F_main_BB__48_161
   br label %58
   Transition: default: LEGUP_F_main_BB__58_162
state: LEGUP_F_main_BB__58_162
   %k.i.i.0 = phi i32 [ %47, %40 ], [ %54, %48 ] (endState: LEGUP_F_main_BB__58_162)
   %lo.i.i.1 = phi float [ %45, %40 ], [ %57, %48 ] (endState: LEGUP_F_main_BB__58_162)
   %.pn = phi float [ %43, %40 ], [ %56, %48 ] (endState: LEGUP_F_main_BB__58_162)
   %hi.i.i.1 = fsub float %21, %.pn (endState: LEGUP_F_main_BB__58_176)
   Transition: default: LEGUP_F_main_BB__58_163
state: LEGUP_F_main_BB__58_163
   Transition: default: LEGUP_F_main_BB__58_164
state: LEGUP_F_main_BB__58_164
   Transition: default: LEGUP_F_main_BB__58_165
state: LEGUP_F_main_BB__58_165
   Transition: default: LEGUP_F_main_BB__58_166
state: LEGUP_F_main_BB__58_166
   Transition: default: LEGUP_F_main_BB__58_167
state: LEGUP_F_main_BB__58_167
   Transition: default: LEGUP_F_main_BB__58_168
state: LEGUP_F_main_BB__58_168
   Transition: default: LEGUP_F_main_BB__58_169
state: LEGUP_F_main_BB__58_169
   Transition: default: LEGUP_F_main_BB__58_170
state: LEGUP_F_main_BB__58_170
   Transition: default: LEGUP_F_main_BB__58_171
state: LEGUP_F_main_BB__58_171
   Transition: default: LEGUP_F_main_BB__58_172
state: LEGUP_F_main_BB__58_172
   Transition: default: LEGUP_F_main_BB__58_173
state: LEGUP_F_main_BB__58_173
   Transition: default: LEGUP_F_main_BB__58_174
state: LEGUP_F_main_BB__58_174
   Transition: default: LEGUP_F_main_BB__58_175
state: LEGUP_F_main_BB__58_175
   Transition: default: LEGUP_F_main_BB__58_176
state: LEGUP_F_main_BB__58_176
   %59 = fsub float %hi.i.i.1, %lo.i.i.1 (endState: LEGUP_F_main_BB__58_190)
   Transition: default: LEGUP_F_main_BB__58_177
state: LEGUP_F_main_BB__58_177
   Transition: default: LEGUP_F_main_BB__58_178
state: LEGUP_F_main_BB__58_178
   Transition: default: LEGUP_F_main_BB__58_179
state: LEGUP_F_main_BB__58_179
   Transition: default: LEGUP_F_main_BB__58_180
state: LEGUP_F_main_BB__58_180
   Transition: default: LEGUP_F_main_BB__58_181
state: LEGUP_F_main_BB__58_181
   Transition: default: LEGUP_F_main_BB__58_182
state: LEGUP_F_main_BB__58_182
   Transition: default: LEGUP_F_main_BB__58_183
state: LEGUP_F_main_BB__58_183
   Transition: default: LEGUP_F_main_BB__58_184
state: LEGUP_F_main_BB__58_184
   Transition: default: LEGUP_F_main_BB__58_185
state: LEGUP_F_main_BB__58_185
   Transition: default: LEGUP_F_main_BB__58_186
state: LEGUP_F_main_BB__58_186
   Transition: default: LEGUP_F_main_BB__58_187
state: LEGUP_F_main_BB__58_187
   Transition: default: LEGUP_F_main_BB__58_188
state: LEGUP_F_main_BB__58_188
   Transition: default: LEGUP_F_main_BB__58_189
state: LEGUP_F_main_BB__58_189
   Transition: default: LEGUP_F_main_BB__58_190
state: LEGUP_F_main_BB__58_190
   br label %66
   Transition: default: LEGUP_F_main_BB__66_222
state: LEGUP_F_main_BB__60_191
   %61 = icmp ult i32 %24, 830472192 (endState: LEGUP_F_main_BB__60_191)
   %62 = fadd float %21, 0x46293E5940000000 (endState: LEGUP_F_main_BB__60_205)
   Transition: default: LEGUP_F_main_BB__60_192
state: LEGUP_F_main_BB__60_192
   Transition: default: LEGUP_F_main_BB__60_193
state: LEGUP_F_main_BB__60_193
   Transition: default: LEGUP_F_main_BB__60_194
state: LEGUP_F_main_BB__60_194
   Transition: default: LEGUP_F_main_BB__60_195
state: LEGUP_F_main_BB__60_195
   Transition: default: LEGUP_F_main_BB__60_196
state: LEGUP_F_main_BB__60_196
   Transition: default: LEGUP_F_main_BB__60_197
state: LEGUP_F_main_BB__60_197
   Transition: default: LEGUP_F_main_BB__60_198
state: LEGUP_F_main_BB__60_198
   Transition: default: LEGUP_F_main_BB__60_199
state: LEGUP_F_main_BB__60_199
   Transition: default: LEGUP_F_main_BB__60_200
state: LEGUP_F_main_BB__60_200
   Transition: default: LEGUP_F_main_BB__60_201
state: LEGUP_F_main_BB__60_201
   Transition: default: LEGUP_F_main_BB__60_202
state: LEGUP_F_main_BB__60_202
   Transition: default: LEGUP_F_main_BB__60_203
state: LEGUP_F_main_BB__60_203
   Transition: default: LEGUP_F_main_BB__60_204
state: LEGUP_F_main_BB__60_204
   Transition: default: LEGUP_F_main_BB__60_205
state: LEGUP_F_main_BB__60_205
   %63 = fcmp ogt float %62, 1.000000e+00 (endState: LEGUP_F_main_BB__60_206)
   Transition: default: LEGUP_F_main_BB__60_206
state: LEGUP_F_main_BB__60_206
   %or.cond54 = and i1 %61, %63 (endState: LEGUP_F_main_BB__60_206)
   br i1 %or.cond54, label %64, label %66
   Transition: if (%or.cond54): LEGUP_F_main_BB__64_207 default: LEGUP_F_main_BB__66_222
state: LEGUP_F_main_BB__64_207
   %65 = fadd float %21, 1.000000e+00 (endState: LEGUP_F_main_BB__64_221)
   Transition: default: LEGUP_F_main_BB__64_208
state: LEGUP_F_main_BB__64_208
   Transition: default: LEGUP_F_main_BB__64_209
state: LEGUP_F_main_BB__64_209
   Transition: default: LEGUP_F_main_BB__64_210
state: LEGUP_F_main_BB__64_210
   Transition: default: LEGUP_F_main_BB__64_211
state: LEGUP_F_main_BB__64_211
   Transition: default: LEGUP_F_main_BB__64_212
state: LEGUP_F_main_BB__64_212
   Transition: default: LEGUP_F_main_BB__64_213
state: LEGUP_F_main_BB__64_213
   Transition: default: LEGUP_F_main_BB__64_214
state: LEGUP_F_main_BB__64_214
   Transition: default: LEGUP_F_main_BB__64_215
state: LEGUP_F_main_BB__64_215
   Transition: default: LEGUP_F_main_BB__64_216
state: LEGUP_F_main_BB__64_216
   Transition: default: LEGUP_F_main_BB__64_217
state: LEGUP_F_main_BB__64_217
   Transition: default: LEGUP_F_main_BB__64_218
state: LEGUP_F_main_BB__64_218
   Transition: default: LEGUP_F_main_BB__64_219
state: LEGUP_F_main_BB__64_219
   Transition: default: LEGUP_F_main_BB__64_220
state: LEGUP_F_main_BB__64_220
   Transition: default: LEGUP_F_main_BB__64_221
state: LEGUP_F_main_BB__64_221
   br label %expf.exit
   Transition: default: LEGUP_F_main_BB_expfexit_549
state: LEGUP_F_main_BB__66_222
   %k.i.i.1 = phi i32 [ %k.i.i.0, %58 ], [ 0, %60 ] (endState: LEGUP_F_main_BB__66_222)
   %lo.i.i.2 = phi float [ %lo.i.i.1, %58 ], [ %lo.i.i.0, %60 ] (endState: LEGUP_F_main_BB__66_222)
   %hi.i.i.2 = phi float [ %hi.i.i.1, %58 ], [ %hi.i.i.0, %60 ] (endState: LEGUP_F_main_BB__66_222)
   %.048 = phi float [ %59, %58 ], [ %21, %60 ] (endState: LEGUP_F_main_BB__66_222)
   %67 = fmul float %.048, %.048 (endState: LEGUP_F_main_BB__66_233)
   %78 = icmp eq i32 %k.i.i.1, 0 (endState: LEGUP_F_main_BB__66_222)
   Transition: default: LEGUP_F_main_BB__66_223
state: LEGUP_F_main_BB__66_223
   Transition: default: LEGUP_F_main_BB__66_224
state: LEGUP_F_main_BB__66_224
   Transition: default: LEGUP_F_main_BB__66_225
state: LEGUP_F_main_BB__66_225
   Transition: default: LEGUP_F_main_BB__66_226
state: LEGUP_F_main_BB__66_226
   Transition: default: LEGUP_F_main_BB__66_227
state: LEGUP_F_main_BB__66_227
   Transition: default: LEGUP_F_main_BB__66_228
state: LEGUP_F_main_BB__66_228
   Transition: default: LEGUP_F_main_BB__66_229
state: LEGUP_F_main_BB__66_229
   Transition: default: LEGUP_F_main_BB__66_230
state: LEGUP_F_main_BB__66_230
   Transition: default: LEGUP_F_main_BB__66_231
state: LEGUP_F_main_BB__66_231
   Transition: default: LEGUP_F_main_BB__66_232
state: LEGUP_F_main_BB__66_232
   Transition: default: LEGUP_F_main_BB__66_233
state: LEGUP_F_main_BB__66_233
   %68 = fmul float %67, 0x3E66376980000000 (endState: LEGUP_F_main_BB__66_244)
   Transition: default: LEGUP_F_main_BB__66_234
state: LEGUP_F_main_BB__66_234
   Transition: default: LEGUP_F_main_BB__66_235
state: LEGUP_F_main_BB__66_235
   Transition: default: LEGUP_F_main_BB__66_236
state: LEGUP_F_main_BB__66_236
   Transition: default: LEGUP_F_main_BB__66_237
state: LEGUP_F_main_BB__66_237
   Transition: default: LEGUP_F_main_BB__66_238
state: LEGUP_F_main_BB__66_238
   Transition: default: LEGUP_F_main_BB__66_239
state: LEGUP_F_main_BB__66_239
   Transition: default: LEGUP_F_main_BB__66_240
state: LEGUP_F_main_BB__66_240
   Transition: default: LEGUP_F_main_BB__66_241
state: LEGUP_F_main_BB__66_241
   Transition: default: LEGUP_F_main_BB__66_242
state: LEGUP_F_main_BB__66_242
   Transition: default: LEGUP_F_main_BB__66_243
state: LEGUP_F_main_BB__66_243
   Transition: default: LEGUP_F_main_BB__66_244
state: LEGUP_F_main_BB__66_244
   %69 = fadd float %68, 0xBEBBBD41C0000000 (endState: LEGUP_F_main_BB__66_258)
   Transition: default: LEGUP_F_main_BB__66_245
state: LEGUP_F_main_BB__66_245
   Transition: default: LEGUP_F_main_BB__66_246
state: LEGUP_F_main_BB__66_246
   Transition: default: LEGUP_F_main_BB__66_247
state: LEGUP_F_main_BB__66_247
   Transition: default: LEGUP_F_main_BB__66_248
state: LEGUP_F_main_BB__66_248
   Transition: default: LEGUP_F_main_BB__66_249
state: LEGUP_F_main_BB__66_249
   Transition: default: LEGUP_F_main_BB__66_250
state: LEGUP_F_main_BB__66_250
   Transition: default: LEGUP_F_main_BB__66_251
state: LEGUP_F_main_BB__66_251
   Transition: default: LEGUP_F_main_BB__66_252
state: LEGUP_F_main_BB__66_252
   Transition: default: LEGUP_F_main_BB__66_253
state: LEGUP_F_main_BB__66_253
   Transition: default: LEGUP_F_main_BB__66_254
state: LEGUP_F_main_BB__66_254
   Transition: default: LEGUP_F_main_BB__66_255
state: LEGUP_F_main_BB__66_255
   Transition: default: LEGUP_F_main_BB__66_256
state: LEGUP_F_main_BB__66_256
   Transition: default: LEGUP_F_main_BB__66_257
state: LEGUP_F_main_BB__66_257
   Transition: default: LEGUP_F_main_BB__66_258
state: LEGUP_F_main_BB__66_258
   %70 = fmul float %67, %69 (endState: LEGUP_F_main_BB__66_269)
   Transition: default: LEGUP_F_main_BB__66_259
state: LEGUP_F_main_BB__66_259
   Transition: default: LEGUP_F_main_BB__66_260
state: LEGUP_F_main_BB__66_260
   Transition: default: LEGUP_F_main_BB__66_261
state: LEGUP_F_main_BB__66_261
   Transition: default: LEGUP_F_main_BB__66_262
state: LEGUP_F_main_BB__66_262
   Transition: default: LEGUP_F_main_BB__66_263
state: LEGUP_F_main_BB__66_263
   Transition: default: LEGUP_F_main_BB__66_264
state: LEGUP_F_main_BB__66_264
   Transition: default: LEGUP_F_main_BB__66_265
state: LEGUP_F_main_BB__66_265
   Transition: default: LEGUP_F_main_BB__66_266
state: LEGUP_F_main_BB__66_266
   Transition: default: LEGUP_F_main_BB__66_267
state: LEGUP_F_main_BB__66_267
   Transition: default: LEGUP_F_main_BB__66_268
state: LEGUP_F_main_BB__66_268
   Transition: default: LEGUP_F_main_BB__66_269
state: LEGUP_F_main_BB__66_269
   %71 = fadd float %70, 0x3F11566AA0000000 (endState: LEGUP_F_main_BB__66_283)
   Transition: default: LEGUP_F_main_BB__66_270
state: LEGUP_F_main_BB__66_270
   Transition: default: LEGUP_F_main_BB__66_271
state: LEGUP_F_main_BB__66_271
   Transition: default: LEGUP_F_main_BB__66_272
state: LEGUP_F_main_BB__66_272
   Transition: default: LEGUP_F_main_BB__66_273
state: LEGUP_F_main_BB__66_273
   Transition: default: LEGUP_F_main_BB__66_274
state: LEGUP_F_main_BB__66_274
   Transition: default: LEGUP_F_main_BB__66_275
state: LEGUP_F_main_BB__66_275
   Transition: default: LEGUP_F_main_BB__66_276
state: LEGUP_F_main_BB__66_276
   Transition: default: LEGUP_F_main_BB__66_277
state: LEGUP_F_main_BB__66_277
   Transition: default: LEGUP_F_main_BB__66_278
state: LEGUP_F_main_BB__66_278
   Transition: default: LEGUP_F_main_BB__66_279
state: LEGUP_F_main_BB__66_279
   Transition: default: LEGUP_F_main_BB__66_280
state: LEGUP_F_main_BB__66_280
   Transition: default: LEGUP_F_main_BB__66_281
state: LEGUP_F_main_BB__66_281
   Transition: default: LEGUP_F_main_BB__66_282
state: LEGUP_F_main_BB__66_282
   Transition: default: LEGUP_F_main_BB__66_283
state: LEGUP_F_main_BB__66_283
   %72 = fmul float %67, %71 (endState: LEGUP_F_main_BB__66_294)
   Transition: default: LEGUP_F_main_BB__66_284
state: LEGUP_F_main_BB__66_284
   Transition: default: LEGUP_F_main_BB__66_285
state: LEGUP_F_main_BB__66_285
   Transition: default: LEGUP_F_main_BB__66_286
state: LEGUP_F_main_BB__66_286
   Transition: default: LEGUP_F_main_BB__66_287
state: LEGUP_F_main_BB__66_287
   Transition: default: LEGUP_F_main_BB__66_288
state: LEGUP_F_main_BB__66_288
   Transition: default: LEGUP_F_main_BB__66_289
state: LEGUP_F_main_BB__66_289
   Transition: default: LEGUP_F_main_BB__66_290
state: LEGUP_F_main_BB__66_290
   Transition: default: LEGUP_F_main_BB__66_291
state: LEGUP_F_main_BB__66_291
   Transition: default: LEGUP_F_main_BB__66_292
state: LEGUP_F_main_BB__66_292
   Transition: default: LEGUP_F_main_BB__66_293
state: LEGUP_F_main_BB__66_293
   Transition: default: LEGUP_F_main_BB__66_294
state: LEGUP_F_main_BB__66_294
   %73 = fadd float %72, 0xBF66C16C20000000 (endState: LEGUP_F_main_BB__66_308)
   Transition: default: LEGUP_F_main_BB__66_295
state: LEGUP_F_main_BB__66_295
   Transition: default: LEGUP_F_main_BB__66_296
state: LEGUP_F_main_BB__66_296
   Transition: default: LEGUP_F_main_BB__66_297
state: LEGUP_F_main_BB__66_297
   Transition: default: LEGUP_F_main_BB__66_298
state: LEGUP_F_main_BB__66_298
   Transition: default: LEGUP_F_main_BB__66_299
state: LEGUP_F_main_BB__66_299
   Transition: default: LEGUP_F_main_BB__66_300
state: LEGUP_F_main_BB__66_300
   Transition: default: LEGUP_F_main_BB__66_301
state: LEGUP_F_main_BB__66_301
   Transition: default: LEGUP_F_main_BB__66_302
state: LEGUP_F_main_BB__66_302
   Transition: default: LEGUP_F_main_BB__66_303
state: LEGUP_F_main_BB__66_303
   Transition: default: LEGUP_F_main_BB__66_304
state: LEGUP_F_main_BB__66_304
   Transition: default: LEGUP_F_main_BB__66_305
state: LEGUP_F_main_BB__66_305
   Transition: default: LEGUP_F_main_BB__66_306
state: LEGUP_F_main_BB__66_306
   Transition: default: LEGUP_F_main_BB__66_307
state: LEGUP_F_main_BB__66_307
   Transition: default: LEGUP_F_main_BB__66_308
state: LEGUP_F_main_BB__66_308
   %74 = fmul float %67, %73 (endState: LEGUP_F_main_BB__66_319)
   Transition: default: LEGUP_F_main_BB__66_309
state: LEGUP_F_main_BB__66_309
   Transition: default: LEGUP_F_main_BB__66_310
state: LEGUP_F_main_BB__66_310
   Transition: default: LEGUP_F_main_BB__66_311
state: LEGUP_F_main_BB__66_311
   Transition: default: LEGUP_F_main_BB__66_312
state: LEGUP_F_main_BB__66_312
   Transition: default: LEGUP_F_main_BB__66_313
state: LEGUP_F_main_BB__66_313
   Transition: default: LEGUP_F_main_BB__66_314
state: LEGUP_F_main_BB__66_314
   Transition: default: LEGUP_F_main_BB__66_315
state: LEGUP_F_main_BB__66_315
   Transition: default: LEGUP_F_main_BB__66_316
state: LEGUP_F_main_BB__66_316
   Transition: default: LEGUP_F_main_BB__66_317
state: LEGUP_F_main_BB__66_317
   Transition: default: LEGUP_F_main_BB__66_318
state: LEGUP_F_main_BB__66_318
   Transition: default: LEGUP_F_main_BB__66_319
state: LEGUP_F_main_BB__66_319
   %75 = fadd float %74, 0x3FC5555560000000 (endState: LEGUP_F_main_BB__66_333)
   Transition: default: LEGUP_F_main_BB__66_320
state: LEGUP_F_main_BB__66_320
   Transition: default: LEGUP_F_main_BB__66_321
state: LEGUP_F_main_BB__66_321
   Transition: default: LEGUP_F_main_BB__66_322
state: LEGUP_F_main_BB__66_322
   Transition: default: LEGUP_F_main_BB__66_323
state: LEGUP_F_main_BB__66_323
   Transition: default: LEGUP_F_main_BB__66_324
state: LEGUP_F_main_BB__66_324
   Transition: default: LEGUP_F_main_BB__66_325
state: LEGUP_F_main_BB__66_325
   Transition: default: LEGUP_F_main_BB__66_326
state: LEGUP_F_main_BB__66_326
   Transition: default: LEGUP_F_main_BB__66_327
state: LEGUP_F_main_BB__66_327
   Transition: default: LEGUP_F_main_BB__66_328
state: LEGUP_F_main_BB__66_328
   Transition: default: LEGUP_F_main_BB__66_329
state: LEGUP_F_main_BB__66_329
   Transition: default: LEGUP_F_main_BB__66_330
state: LEGUP_F_main_BB__66_330
   Transition: default: LEGUP_F_main_BB__66_331
state: LEGUP_F_main_BB__66_331
   Transition: default: LEGUP_F_main_BB__66_332
state: LEGUP_F_main_BB__66_332
   Transition: default: LEGUP_F_main_BB__66_333
state: LEGUP_F_main_BB__66_333
   %76 = fmul float %67, %75 (endState: LEGUP_F_main_BB__66_344)
   Transition: default: LEGUP_F_main_BB__66_334
state: LEGUP_F_main_BB__66_334
   Transition: default: LEGUP_F_main_BB__66_335
state: LEGUP_F_main_BB__66_335
   Transition: default: LEGUP_F_main_BB__66_336
state: LEGUP_F_main_BB__66_336
   Transition: default: LEGUP_F_main_BB__66_337
state: LEGUP_F_main_BB__66_337
   Transition: default: LEGUP_F_main_BB__66_338
state: LEGUP_F_main_BB__66_338
   Transition: default: LEGUP_F_main_BB__66_339
state: LEGUP_F_main_BB__66_339
   Transition: default: LEGUP_F_main_BB__66_340
state: LEGUP_F_main_BB__66_340
   Transition: default: LEGUP_F_main_BB__66_341
state: LEGUP_F_main_BB__66_341
   Transition: default: LEGUP_F_main_BB__66_342
state: LEGUP_F_main_BB__66_342
   Transition: default: LEGUP_F_main_BB__66_343
state: LEGUP_F_main_BB__66_343
   Transition: default: LEGUP_F_main_BB__66_344
state: LEGUP_F_main_BB__66_344
   %77 = fsub float %.048, %76 (endState: LEGUP_F_main_BB__66_358)
   Transition: default: LEGUP_F_main_BB__66_345
state: LEGUP_F_main_BB__66_345
   Transition: default: LEGUP_F_main_BB__66_346
state: LEGUP_F_main_BB__66_346
   Transition: default: LEGUP_F_main_BB__66_347
state: LEGUP_F_main_BB__66_347
   Transition: default: LEGUP_F_main_BB__66_348
state: LEGUP_F_main_BB__66_348
   Transition: default: LEGUP_F_main_BB__66_349
state: LEGUP_F_main_BB__66_349
   Transition: default: LEGUP_F_main_BB__66_350
state: LEGUP_F_main_BB__66_350
   Transition: default: LEGUP_F_main_BB__66_351
state: LEGUP_F_main_BB__66_351
   Transition: default: LEGUP_F_main_BB__66_352
state: LEGUP_F_main_BB__66_352
   Transition: default: LEGUP_F_main_BB__66_353
state: LEGUP_F_main_BB__66_353
   Transition: default: LEGUP_F_main_BB__66_354
state: LEGUP_F_main_BB__66_354
   Transition: default: LEGUP_F_main_BB__66_355
state: LEGUP_F_main_BB__66_355
   Transition: default: LEGUP_F_main_BB__66_356
state: LEGUP_F_main_BB__66_356
   Transition: default: LEGUP_F_main_BB__66_357
state: LEGUP_F_main_BB__66_357
   Transition: default: LEGUP_F_main_BB__66_358
state: LEGUP_F_main_BB__66_358
   %79 = fmul float %.048, %77 (endState: LEGUP_F_main_BB__66_369)
   Transition: default: LEGUP_F_main_BB__66_359
state: LEGUP_F_main_BB__66_359
   Transition: default: LEGUP_F_main_BB__66_360
state: LEGUP_F_main_BB__66_360
   Transition: default: LEGUP_F_main_BB__66_361
state: LEGUP_F_main_BB__66_361
   Transition: default: LEGUP_F_main_BB__66_362
state: LEGUP_F_main_BB__66_362
   Transition: default: LEGUP_F_main_BB__66_363
state: LEGUP_F_main_BB__66_363
   Transition: default: LEGUP_F_main_BB__66_364
state: LEGUP_F_main_BB__66_364
   Transition: default: LEGUP_F_main_BB__66_365
state: LEGUP_F_main_BB__66_365
   Transition: default: LEGUP_F_main_BB__66_366
state: LEGUP_F_main_BB__66_366
   Transition: default: LEGUP_F_main_BB__66_367
state: LEGUP_F_main_BB__66_367
   Transition: default: LEGUP_F_main_BB__66_368
state: LEGUP_F_main_BB__66_368
   Transition: default: LEGUP_F_main_BB__66_369
state: LEGUP_F_main_BB__66_369
   br i1 %78, label %80, label %85
   Transition: if (%78): LEGUP_F_main_BB__80_370 default: LEGUP_F_main_BB__85_446
state: LEGUP_F_main_BB__80_370
   %81 = fadd float %77, -2.000000e+00 (endState: LEGUP_F_main_BB__80_384)
   Transition: default: LEGUP_F_main_BB__80_371
state: LEGUP_F_main_BB__80_371
   Transition: default: LEGUP_F_main_BB__80_372
state: LEGUP_F_main_BB__80_372
   Transition: default: LEGUP_F_main_BB__80_373
state: LEGUP_F_main_BB__80_373
   Transition: default: LEGUP_F_main_BB__80_374
state: LEGUP_F_main_BB__80_374
   Transition: default: LEGUP_F_main_BB__80_375
state: LEGUP_F_main_BB__80_375
   Transition: default: LEGUP_F_main_BB__80_376
state: LEGUP_F_main_BB__80_376
   Transition: default: LEGUP_F_main_BB__80_377
state: LEGUP_F_main_BB__80_377
   Transition: default: LEGUP_F_main_BB__80_378
state: LEGUP_F_main_BB__80_378
   Transition: default: LEGUP_F_main_BB__80_379
state: LEGUP_F_main_BB__80_379
   Transition: default: LEGUP_F_main_BB__80_380
state: LEGUP_F_main_BB__80_380
   Transition: default: LEGUP_F_main_BB__80_381
state: LEGUP_F_main_BB__80_381
   Transition: default: LEGUP_F_main_BB__80_382
state: LEGUP_F_main_BB__80_382
   Transition: default: LEGUP_F_main_BB__80_383
state: LEGUP_F_main_BB__80_383
   Transition: default: LEGUP_F_main_BB__80_384
state: LEGUP_F_main_BB__80_384
   %82 = fdiv float %79, %81 (endState: LEGUP_F_main_BB__80_417)
   Transition: default: LEGUP_F_main_BB__80_385
state: LEGUP_F_main_BB__80_385
   Transition: default: LEGUP_F_main_BB__80_386
state: LEGUP_F_main_BB__80_386
   Transition: default: LEGUP_F_main_BB__80_387
state: LEGUP_F_main_BB__80_387
   Transition: default: LEGUP_F_main_BB__80_388
state: LEGUP_F_main_BB__80_388
   Transition: default: LEGUP_F_main_BB__80_389
state: LEGUP_F_main_BB__80_389
   Transition: default: LEGUP_F_main_BB__80_390
state: LEGUP_F_main_BB__80_390
   Transition: default: LEGUP_F_main_BB__80_391
state: LEGUP_F_main_BB__80_391
   Transition: default: LEGUP_F_main_BB__80_392
state: LEGUP_F_main_BB__80_392
   Transition: default: LEGUP_F_main_BB__80_393
state: LEGUP_F_main_BB__80_393
   Transition: default: LEGUP_F_main_BB__80_394
state: LEGUP_F_main_BB__80_394
   Transition: default: LEGUP_F_main_BB__80_395
state: LEGUP_F_main_BB__80_395
   Transition: default: LEGUP_F_main_BB__80_396
state: LEGUP_F_main_BB__80_396
   Transition: default: LEGUP_F_main_BB__80_397
state: LEGUP_F_main_BB__80_397
   Transition: default: LEGUP_F_main_BB__80_398
state: LEGUP_F_main_BB__80_398
   Transition: default: LEGUP_F_main_BB__80_399
state: LEGUP_F_main_BB__80_399
   Transition: default: LEGUP_F_main_BB__80_400
state: LEGUP_F_main_BB__80_400
   Transition: default: LEGUP_F_main_BB__80_401
state: LEGUP_F_main_BB__80_401
   Transition: default: LEGUP_F_main_BB__80_402
state: LEGUP_F_main_BB__80_402
   Transition: default: LEGUP_F_main_BB__80_403
state: LEGUP_F_main_BB__80_403
   Transition: default: LEGUP_F_main_BB__80_404
state: LEGUP_F_main_BB__80_404
   Transition: default: LEGUP_F_main_BB__80_405
state: LEGUP_F_main_BB__80_405
   Transition: default: LEGUP_F_main_BB__80_406
state: LEGUP_F_main_BB__80_406
   Transition: default: LEGUP_F_main_BB__80_407
state: LEGUP_F_main_BB__80_407
   Transition: default: LEGUP_F_main_BB__80_408
state: LEGUP_F_main_BB__80_408
   Transition: default: LEGUP_F_main_BB__80_409
state: LEGUP_F_main_BB__80_409
   Transition: default: LEGUP_F_main_BB__80_410
state: LEGUP_F_main_BB__80_410
   Transition: default: LEGUP_F_main_BB__80_411
state: LEGUP_F_main_BB__80_411
   Transition: default: LEGUP_F_main_BB__80_412
state: LEGUP_F_main_BB__80_412
   Transition: default: LEGUP_F_main_BB__80_413
state: LEGUP_F_main_BB__80_413
   Transition: default: LEGUP_F_main_BB__80_414
state: LEGUP_F_main_BB__80_414
   Transition: default: LEGUP_F_main_BB__80_415
state: LEGUP_F_main_BB__80_415
   Transition: default: LEGUP_F_main_BB__80_416
state: LEGUP_F_main_BB__80_416
   Transition: default: LEGUP_F_main_BB__80_417
state: LEGUP_F_main_BB__80_417
   %83 = fsub float %82, %.048 (endState: LEGUP_F_main_BB__80_431)
   Transition: default: LEGUP_F_main_BB__80_418
state: LEGUP_F_main_BB__80_418
   Transition: default: LEGUP_F_main_BB__80_419
state: LEGUP_F_main_BB__80_419
   Transition: default: LEGUP_F_main_BB__80_420
state: LEGUP_F_main_BB__80_420
   Transition: default: LEGUP_F_main_BB__80_421
state: LEGUP_F_main_BB__80_421
   Transition: default: LEGUP_F_main_BB__80_422
state: LEGUP_F_main_BB__80_422
   Transition: default: LEGUP_F_main_BB__80_423
state: LEGUP_F_main_BB__80_423
   Transition: default: LEGUP_F_main_BB__80_424
state: LEGUP_F_main_BB__80_424
   Transition: default: LEGUP_F_main_BB__80_425
state: LEGUP_F_main_BB__80_425
   Transition: default: LEGUP_F_main_BB__80_426
state: LEGUP_F_main_BB__80_426
   Transition: default: LEGUP_F_main_BB__80_427
state: LEGUP_F_main_BB__80_427
   Transition: default: LEGUP_F_main_BB__80_428
state: LEGUP_F_main_BB__80_428
   Transition: default: LEGUP_F_main_BB__80_429
state: LEGUP_F_main_BB__80_429
   Transition: default: LEGUP_F_main_BB__80_430
state: LEGUP_F_main_BB__80_430
   Transition: default: LEGUP_F_main_BB__80_431
state: LEGUP_F_main_BB__80_431
   %84 = fsub float 1.000000e+00, %83 (endState: LEGUP_F_main_BB__80_445)
   Transition: default: LEGUP_F_main_BB__80_432
state: LEGUP_F_main_BB__80_432
   Transition: default: LEGUP_F_main_BB__80_433
state: LEGUP_F_main_BB__80_433
   Transition: default: LEGUP_F_main_BB__80_434
state: LEGUP_F_main_BB__80_434
   Transition: default: LEGUP_F_main_BB__80_435
state: LEGUP_F_main_BB__80_435
   Transition: default: LEGUP_F_main_BB__80_436
state: LEGUP_F_main_BB__80_436
   Transition: default: LEGUP_F_main_BB__80_437
state: LEGUP_F_main_BB__80_437
   Transition: default: LEGUP_F_main_BB__80_438
state: LEGUP_F_main_BB__80_438
   Transition: default: LEGUP_F_main_BB__80_439
state: LEGUP_F_main_BB__80_439
   Transition: default: LEGUP_F_main_BB__80_440
state: LEGUP_F_main_BB__80_440
   Transition: default: LEGUP_F_main_BB__80_441
state: LEGUP_F_main_BB__80_441
   Transition: default: LEGUP_F_main_BB__80_442
state: LEGUP_F_main_BB__80_442
   Transition: default: LEGUP_F_main_BB__80_443
state: LEGUP_F_main_BB__80_443
   Transition: default: LEGUP_F_main_BB__80_444
state: LEGUP_F_main_BB__80_444
   Transition: default: LEGUP_F_main_BB__80_445
state: LEGUP_F_main_BB__80_445
   br label %expf.exit
   Transition: default: LEGUP_F_main_BB_expfexit_549
state: LEGUP_F_main_BB__85_446
   %86 = fsub float 2.000000e+00, %77 (endState: LEGUP_F_main_BB__85_460)
   %91 = icmp sgt i32 %k.i.i.1, -126 (endState: LEGUP_F_main_BB__85_446)
   %93 = shl i32 %k.i.i.1, 23 (endState: LEGUP_F_main_BB__85_446)
   Transition: default: LEGUP_F_main_BB__85_447
state: LEGUP_F_main_BB__85_447
   Transition: default: LEGUP_F_main_BB__85_448
state: LEGUP_F_main_BB__85_448
   Transition: default: LEGUP_F_main_BB__85_449
state: LEGUP_F_main_BB__85_449
   Transition: default: LEGUP_F_main_BB__85_450
state: LEGUP_F_main_BB__85_450
   Transition: default: LEGUP_F_main_BB__85_451
state: LEGUP_F_main_BB__85_451
   Transition: default: LEGUP_F_main_BB__85_452
state: LEGUP_F_main_BB__85_452
   Transition: default: LEGUP_F_main_BB__85_453
state: LEGUP_F_main_BB__85_453
   Transition: default: LEGUP_F_main_BB__85_454
state: LEGUP_F_main_BB__85_454
   Transition: default: LEGUP_F_main_BB__85_455
state: LEGUP_F_main_BB__85_455
   Transition: default: LEGUP_F_main_BB__85_456
state: LEGUP_F_main_BB__85_456
   Transition: default: LEGUP_F_main_BB__85_457
state: LEGUP_F_main_BB__85_457
   Transition: default: LEGUP_F_main_BB__85_458
state: LEGUP_F_main_BB__85_458
   Transition: default: LEGUP_F_main_BB__85_459
state: LEGUP_F_main_BB__85_459
   Transition: default: LEGUP_F_main_BB__85_460
state: LEGUP_F_main_BB__85_460
   %87 = fdiv float %79, %86 (endState: LEGUP_F_main_BB__85_493)
   Transition: default: LEGUP_F_main_BB__85_461
state: LEGUP_F_main_BB__85_461
   Transition: default: LEGUP_F_main_BB__85_462
state: LEGUP_F_main_BB__85_462
   Transition: default: LEGUP_F_main_BB__85_463
state: LEGUP_F_main_BB__85_463
   Transition: default: LEGUP_F_main_BB__85_464
state: LEGUP_F_main_BB__85_464
   Transition: default: LEGUP_F_main_BB__85_465
state: LEGUP_F_main_BB__85_465
   Transition: default: LEGUP_F_main_BB__85_466
state: LEGUP_F_main_BB__85_466
   Transition: default: LEGUP_F_main_BB__85_467
state: LEGUP_F_main_BB__85_467
   Transition: default: LEGUP_F_main_BB__85_468
state: LEGUP_F_main_BB__85_468
   Transition: default: LEGUP_F_main_BB__85_469
state: LEGUP_F_main_BB__85_469
   Transition: default: LEGUP_F_main_BB__85_470
state: LEGUP_F_main_BB__85_470
   Transition: default: LEGUP_F_main_BB__85_471
state: LEGUP_F_main_BB__85_471
   Transition: default: LEGUP_F_main_BB__85_472
state: LEGUP_F_main_BB__85_472
   Transition: default: LEGUP_F_main_BB__85_473
state: LEGUP_F_main_BB__85_473
   Transition: default: LEGUP_F_main_BB__85_474
state: LEGUP_F_main_BB__85_474
   Transition: default: LEGUP_F_main_BB__85_475
state: LEGUP_F_main_BB__85_475
   Transition: default: LEGUP_F_main_BB__85_476
state: LEGUP_F_main_BB__85_476
   Transition: default: LEGUP_F_main_BB__85_477
state: LEGUP_F_main_BB__85_477
   Transition: default: LEGUP_F_main_BB__85_478
state: LEGUP_F_main_BB__85_478
   Transition: default: LEGUP_F_main_BB__85_479
state: LEGUP_F_main_BB__85_479
   Transition: default: LEGUP_F_main_BB__85_480
state: LEGUP_F_main_BB__85_480
   Transition: default: LEGUP_F_main_BB__85_481
state: LEGUP_F_main_BB__85_481
   Transition: default: LEGUP_F_main_BB__85_482
state: LEGUP_F_main_BB__85_482
   Transition: default: LEGUP_F_main_BB__85_483
state: LEGUP_F_main_BB__85_483
   Transition: default: LEGUP_F_main_BB__85_484
state: LEGUP_F_main_BB__85_484
   Transition: default: LEGUP_F_main_BB__85_485
state: LEGUP_F_main_BB__85_485
   Transition: default: LEGUP_F_main_BB__85_486
state: LEGUP_F_main_BB__85_486
   Transition: default: LEGUP_F_main_BB__85_487
state: LEGUP_F_main_BB__85_487
   Transition: default: LEGUP_F_main_BB__85_488
state: LEGUP_F_main_BB__85_488
   Transition: default: LEGUP_F_main_BB__85_489
state: LEGUP_F_main_BB__85_489
   Transition: default: LEGUP_F_main_BB__85_490
state: LEGUP_F_main_BB__85_490
   Transition: default: LEGUP_F_main_BB__85_491
state: LEGUP_F_main_BB__85_491
   Transition: default: LEGUP_F_main_BB__85_492
state: LEGUP_F_main_BB__85_492
   Transition: default: LEGUP_F_main_BB__85_493
state: LEGUP_F_main_BB__85_493
   %88 = fsub float %lo.i.i.2, %87 (endState: LEGUP_F_main_BB__85_507)
   Transition: default: LEGUP_F_main_BB__85_494
state: LEGUP_F_main_BB__85_494
   Transition: default: LEGUP_F_main_BB__85_495
state: LEGUP_F_main_BB__85_495
   Transition: default: LEGUP_F_main_BB__85_496
state: LEGUP_F_main_BB__85_496
   Transition: default: LEGUP_F_main_BB__85_497
state: LEGUP_F_main_BB__85_497
   Transition: default: LEGUP_F_main_BB__85_498
state: LEGUP_F_main_BB__85_498
   Transition: default: LEGUP_F_main_BB__85_499
state: LEGUP_F_main_BB__85_499
   Transition: default: LEGUP_F_main_BB__85_500
state: LEGUP_F_main_BB__85_500
   Transition: default: LEGUP_F_main_BB__85_501
state: LEGUP_F_main_BB__85_501
   Transition: default: LEGUP_F_main_BB__85_502
state: LEGUP_F_main_BB__85_502
   Transition: default: LEGUP_F_main_BB__85_503
state: LEGUP_F_main_BB__85_503
   Transition: default: LEGUP_F_main_BB__85_504
state: LEGUP_F_main_BB__85_504
   Transition: default: LEGUP_F_main_BB__85_505
state: LEGUP_F_main_BB__85_505
   Transition: default: LEGUP_F_main_BB__85_506
state: LEGUP_F_main_BB__85_506
   Transition: default: LEGUP_F_main_BB__85_507
state: LEGUP_F_main_BB__85_507
   %89 = fsub float %88, %hi.i.i.2 (endState: LEGUP_F_main_BB__85_521)
   Transition: default: LEGUP_F_main_BB__85_508
state: LEGUP_F_main_BB__85_508
   Transition: default: LEGUP_F_main_BB__85_509
state: LEGUP_F_main_BB__85_509
   Transition: default: LEGUP_F_main_BB__85_510
state: LEGUP_F_main_BB__85_510
   Transition: default: LEGUP_F_main_BB__85_511
state: LEGUP_F_main_BB__85_511
   Transition: default: LEGUP_F_main_BB__85_512
state: LEGUP_F_main_BB__85_512
   Transition: default: LEGUP_F_main_BB__85_513
state: LEGUP_F_main_BB__85_513
   Transition: default: LEGUP_F_main_BB__85_514
state: LEGUP_F_main_BB__85_514
   Transition: default: LEGUP_F_main_BB__85_515
state: LEGUP_F_main_BB__85_515
   Transition: default: LEGUP_F_main_BB__85_516
state: LEGUP_F_main_BB__85_516
   Transition: default: LEGUP_F_main_BB__85_517
state: LEGUP_F_main_BB__85_517
   Transition: default: LEGUP_F_main_BB__85_518
state: LEGUP_F_main_BB__85_518
   Transition: default: LEGUP_F_main_BB__85_519
state: LEGUP_F_main_BB__85_519
   Transition: default: LEGUP_F_main_BB__85_520
state: LEGUP_F_main_BB__85_520
   Transition: default: LEGUP_F_main_BB__85_521
state: LEGUP_F_main_BB__85_521
   %90 = fsub float 1.000000e+00, %89 (endState: LEGUP_F_main_BB__85_535)
   Transition: default: LEGUP_F_main_BB__85_522
state: LEGUP_F_main_BB__85_522
   Transition: default: LEGUP_F_main_BB__85_523
state: LEGUP_F_main_BB__85_523
   Transition: default: LEGUP_F_main_BB__85_524
state: LEGUP_F_main_BB__85_524
   Transition: default: LEGUP_F_main_BB__85_525
state: LEGUP_F_main_BB__85_525
   Transition: default: LEGUP_F_main_BB__85_526
state: LEGUP_F_main_BB__85_526
   Transition: default: LEGUP_F_main_BB__85_527
state: LEGUP_F_main_BB__85_527
   Transition: default: LEGUP_F_main_BB__85_528
state: LEGUP_F_main_BB__85_528
   Transition: default: LEGUP_F_main_BB__85_529
state: LEGUP_F_main_BB__85_529
   Transition: default: LEGUP_F_main_BB__85_530
state: LEGUP_F_main_BB__85_530
   Transition: default: LEGUP_F_main_BB__85_531
state: LEGUP_F_main_BB__85_531
   Transition: default: LEGUP_F_main_BB__85_532
state: LEGUP_F_main_BB__85_532
   Transition: default: LEGUP_F_main_BB__85_533
state: LEGUP_F_main_BB__85_533
   Transition: default: LEGUP_F_main_BB__85_534
state: LEGUP_F_main_BB__85_534
   Transition: default: LEGUP_F_main_BB__85_535
state: LEGUP_F_main_BB__85_535
   %92 = bitcast float %90 to i32 (endState: LEGUP_F_main_BB__85_535)
   br i1 %91, label %94, label %97
   Transition: if (%91): LEGUP_F_main_BB__94_536 default: LEGUP_F_main_BB__97_537
state: LEGUP_F_main_BB__94_536
   %95 = add i32 %92, %93 (endState: LEGUP_F_main_BB__94_536)
   %96 = bitcast i32 %95 to float (endState: LEGUP_F_main_BB__94_536)
   br label %expf.exit
   Transition: default: LEGUP_F_main_BB_expfexit_549
state: LEGUP_F_main_BB__97_537
   %98 = add i32 %93, 838860800 (endState: LEGUP_F_main_BB__97_537)
   %99 = add i32 %92, %98 (endState: LEGUP_F_main_BB__97_537)
   %100 = bitcast i32 %99 to float (endState: LEGUP_F_main_BB__97_537)
   %101 = fmul float %100, 0x39B0000000000000 (endState: LEGUP_F_main_BB__97_548)
   Transition: default: LEGUP_F_main_BB__97_538
state: LEGUP_F_main_BB__97_538
   Transition: default: LEGUP_F_main_BB__97_539
state: LEGUP_F_main_BB__97_539
   Transition: default: LEGUP_F_main_BB__97_540
state: LEGUP_F_main_BB__97_540
   Transition: default: LEGUP_F_main_BB__97_541
state: LEGUP_F_main_BB__97_541
   Transition: default: LEGUP_F_main_BB__97_542
state: LEGUP_F_main_BB__97_542
   Transition: default: LEGUP_F_main_BB__97_543
state: LEGUP_F_main_BB__97_543
   Transition: default: LEGUP_F_main_BB__97_544
state: LEGUP_F_main_BB__97_544
   Transition: default: LEGUP_F_main_BB__97_545
state: LEGUP_F_main_BB__97_545
   Transition: default: LEGUP_F_main_BB__97_546
state: LEGUP_F_main_BB__97_546
   Transition: default: LEGUP_F_main_BB__97_547
state: LEGUP_F_main_BB__97_547
   Transition: default: LEGUP_F_main_BB__97_548
state: LEGUP_F_main_BB__97_548
   br label %expf.exit
   Transition: default: LEGUP_F_main_BB_expfexit_549
state: LEGUP_F_main_BB_expfexit_549
   %lo.i.i.3 = phi float [ %lo.i.i.0, %26 ], [ %lo.i.i.2, %80 ], [ %lo.i.i.2, %94 ], [ %lo.i.i.2, %97 ], [ %lo.i.i.0, %64 ], [ %lo.i.i.0, %32 ], [ %lo.i.i.0, %30 ], [ %lo.i.i.0, %34 ] (endState: LEGUP_F_main_BB_expfexit_549)
   %hi.i.i.3 = phi float [ %hi.i.i.0, %26 ], [ %hi.i.i.2, %80 ], [ %hi.i.i.2, %94 ], [ %hi.i.i.2, %97 ], [ %hi.i.i.0, %64 ], [ %hi.i.i.0, %32 ], [ %hi.i.i.0, %30 ], [ %hi.i.i.0, %34 ] (endState: LEGUP_F_main_BB_expfexit_549)
   %.0 = phi float [ %27, %26 ], [ %84, %80 ], [ %96, %94 ], [ %101, %97 ], [ %65, %64 ], [ 0x7FF0000000000000, %32 ], [ %., %30 ], [ 0.000000e+00, %34 ] (endState: LEGUP_F_main_BB_expfexit_549)
   store float %.0, float* %scevgep5, align 4 (endState: LEGUP_F_main_BB_expfexit_550)
   %102 = add nuw nsw i64 %fusion.1.indvar.dim.18, 1 (endState: LEGUP_F_main_BB_expfexit_549)
   %exitcond4 = icmp eq i64 %102, 10 (endState: LEGUP_F_main_BB_expfexit_549)
   Transition: default: LEGUP_F_main_BB_expfexit_550
state: LEGUP_F_main_BB_expfexit_550
   br i1 %exitcond4, label %reduce.1.inner.loop_body.reduction_dim.1.preheader, label %fusion.1.loop_body.dim.1, !llvm.loop !6
   Transition: if (%exitcond4): LEGUP_F_main_BB_reduce1innerloop_bodyreduction_dim1preheader_551 default: LEGUP_F_main_BB_fusion1loop_bodydim1_57
state: LEGUP_F_main_BB_reduce1innerloop_bodyreduction_dim1preheader_551
   br label %reduce.1.inner.loop_body.reduction_dim.1
   Transition: default: LEGUP_F_main_BB_reduce1innerloop_bodyreduction_dim1_552
state: LEGUP_F_main_BB_reduce1innerloop_bodyreduction_dim1_552
   %103 = phi float [ %105, %reduce.1.inner.loop_body.reduction_dim.1 ], [ 0.000000e+00, %reduce.1.inner.loop_body.reduction_dim.1.preheader ] (endState: LEGUP_F_main_BB_reduce1innerloop_bodyreduction_dim1_552)
   %reduce.1.inner.indvar.reduction_dim.14 = phi i64 [ %106, %reduce.1.inner.loop_body.reduction_dim.1 ], [ 0, %reduce.1.inner.loop_body.reduction_dim.1.preheader ] (endState: LEGUP_F_main_BB_reduce1innerloop_bodyreduction_dim1_552)
   %scevgep3 = getelementptr [1 x [10 x float]]* @temp1, i64 0, i64 0, i64 %reduce.1.inner.indvar.reduction_dim.14 (endState: LEGUP_F_main_BB_reduce1innerloop_bodyreduction_dim1_552)
   %104 = load float* %scevgep3, align 4 (endState: LEGUP_F_main_BB_reduce1innerloop_bodyreduction_dim1_554)
   %106 = add nuw nsw i64 %reduce.1.inner.indvar.reduction_dim.14, 1 (endState: LEGUP_F_main_BB_reduce1innerloop_bodyreduction_dim1_552)
   %exitcond = icmp eq i64 %106, 10 (endState: LEGUP_F_main_BB_reduce1innerloop_bodyreduction_dim1_552)
   Transition: default: LEGUP_F_main_BB_reduce1innerloop_bodyreduction_dim1_553
state: LEGUP_F_main_BB_reduce1innerloop_bodyreduction_dim1_553
   Transition: default: LEGUP_F_main_BB_reduce1innerloop_bodyreduction_dim1_554
state: LEGUP_F_main_BB_reduce1innerloop_bodyreduction_dim1_554
   %105 = fadd float %103, %104 (endState: LEGUP_F_main_BB_reduce1innerloop_bodyreduction_dim1_568)
   Transition: default: LEGUP_F_main_BB_reduce1innerloop_bodyreduction_dim1_555
state: LEGUP_F_main_BB_reduce1innerloop_bodyreduction_dim1_555
   Transition: default: LEGUP_F_main_BB_reduce1innerloop_bodyreduction_dim1_556
state: LEGUP_F_main_BB_reduce1innerloop_bodyreduction_dim1_556
   Transition: default: LEGUP_F_main_BB_reduce1innerloop_bodyreduction_dim1_557
state: LEGUP_F_main_BB_reduce1innerloop_bodyreduction_dim1_557
   Transition: default: LEGUP_F_main_BB_reduce1innerloop_bodyreduction_dim1_558
state: LEGUP_F_main_BB_reduce1innerloop_bodyreduction_dim1_558
   Transition: default: LEGUP_F_main_BB_reduce1innerloop_bodyreduction_dim1_559
state: LEGUP_F_main_BB_reduce1innerloop_bodyreduction_dim1_559
   Transition: default: LEGUP_F_main_BB_reduce1innerloop_bodyreduction_dim1_560
state: LEGUP_F_main_BB_reduce1innerloop_bodyreduction_dim1_560
   Transition: default: LEGUP_F_main_BB_reduce1innerloop_bodyreduction_dim1_561
state: LEGUP_F_main_BB_reduce1innerloop_bodyreduction_dim1_561
   Transition: default: LEGUP_F_main_BB_reduce1innerloop_bodyreduction_dim1_562
state: LEGUP_F_main_BB_reduce1innerloop_bodyreduction_dim1_562
   Transition: default: LEGUP_F_main_BB_reduce1innerloop_bodyreduction_dim1_563
state: LEGUP_F_main_BB_reduce1innerloop_bodyreduction_dim1_563
   Transition: default: LEGUP_F_main_BB_reduce1innerloop_bodyreduction_dim1_564
state: LEGUP_F_main_BB_reduce1innerloop_bodyreduction_dim1_564
   Transition: default: LEGUP_F_main_BB_reduce1innerloop_bodyreduction_dim1_565
state: LEGUP_F_main_BB_reduce1innerloop_bodyreduction_dim1_565
   Transition: default: LEGUP_F_main_BB_reduce1innerloop_bodyreduction_dim1_566
state: LEGUP_F_main_BB_reduce1innerloop_bodyreduction_dim1_566
   Transition: default: LEGUP_F_main_BB_reduce1innerloop_bodyreduction_dim1_567
state: LEGUP_F_main_BB_reduce1innerloop_bodyreduction_dim1_567
   Transition: default: LEGUP_F_main_BB_reduce1innerloop_bodyreduction_dim1_568
state: LEGUP_F_main_BB_reduce1innerloop_bodyreduction_dim1_568
   br i1 %exitcond, label %fusion.loop_body.dim.0.preheader, label %reduce.1.inner.loop_body.reduction_dim.1, !llvm.loop !7
   Transition: if (%exitcond): LEGUP_F_main_BB_fusionloop_bodydim0preheader_569 default: LEGUP_F_main_BB_reduce1innerloop_bodyreduction_dim1_552
state: LEGUP_F_main_BB_fusionloop_bodydim0preheader_569
   br label %fusion.loop_body.dim.0
   Transition: default: LEGUP_F_main_BB_fusionloop_bodydim0_570
state: LEGUP_F_main_BB_fusionloop_bodydim0_570
   %fusion.indvar.dim.02 = phi i64 [ %109, %fusion.loop_body.dim.0 ], [ 0, %fusion.loop_body.dim.0.preheader ] (endState: LEGUP_F_main_BB_fusionloop_bodydim0_570)
   %scevgep = getelementptr [10 x float]* @temp3, i64 0, i64 %fusion.indvar.dim.02 (endState: LEGUP_F_main_BB_fusionloop_bodydim0_570)
   %scevgep2 = getelementptr [1 x [10 x float]]* @temp1, i64 0, i64 0, i64 %fusion.indvar.dim.02 (endState: LEGUP_F_main_BB_fusionloop_bodydim0_570)
   %107 = load float* %scevgep2, align 4 (endState: LEGUP_F_main_BB_fusionloop_bodydim0_572)
   %109 = add nuw nsw i64 %fusion.indvar.dim.02, 1 (endState: LEGUP_F_main_BB_fusionloop_bodydim0_570)
   %exitcond1 = icmp eq i64 %109, 10 (endState: LEGUP_F_main_BB_fusionloop_bodydim0_570)
   Transition: default: LEGUP_F_main_BB_fusionloop_bodydim0_571
state: LEGUP_F_main_BB_fusionloop_bodydim0_571
   Transition: default: LEGUP_F_main_BB_fusionloop_bodydim0_572
state: LEGUP_F_main_BB_fusionloop_bodydim0_572
   %108 = fdiv float %107, %105 (endState: LEGUP_F_main_BB_fusionloop_bodydim0_605)
   Transition: default: LEGUP_F_main_BB_fusionloop_bodydim0_573
state: LEGUP_F_main_BB_fusionloop_bodydim0_573
   Transition: default: LEGUP_F_main_BB_fusionloop_bodydim0_574
state: LEGUP_F_main_BB_fusionloop_bodydim0_574
   Transition: default: LEGUP_F_main_BB_fusionloop_bodydim0_575
state: LEGUP_F_main_BB_fusionloop_bodydim0_575
   Transition: default: LEGUP_F_main_BB_fusionloop_bodydim0_576
state: LEGUP_F_main_BB_fusionloop_bodydim0_576
   Transition: default: LEGUP_F_main_BB_fusionloop_bodydim0_577
state: LEGUP_F_main_BB_fusionloop_bodydim0_577
   Transition: default: LEGUP_F_main_BB_fusionloop_bodydim0_578
state: LEGUP_F_main_BB_fusionloop_bodydim0_578
   Transition: default: LEGUP_F_main_BB_fusionloop_bodydim0_579
state: LEGUP_F_main_BB_fusionloop_bodydim0_579
   Transition: default: LEGUP_F_main_BB_fusionloop_bodydim0_580
state: LEGUP_F_main_BB_fusionloop_bodydim0_580
   Transition: default: LEGUP_F_main_BB_fusionloop_bodydim0_581
state: LEGUP_F_main_BB_fusionloop_bodydim0_581
   Transition: default: LEGUP_F_main_BB_fusionloop_bodydim0_582
state: LEGUP_F_main_BB_fusionloop_bodydim0_582
   Transition: default: LEGUP_F_main_BB_fusionloop_bodydim0_583
state: LEGUP_F_main_BB_fusionloop_bodydim0_583
   Transition: default: LEGUP_F_main_BB_fusionloop_bodydim0_584
state: LEGUP_F_main_BB_fusionloop_bodydim0_584
   Transition: default: LEGUP_F_main_BB_fusionloop_bodydim0_585
state: LEGUP_F_main_BB_fusionloop_bodydim0_585
   Transition: default: LEGUP_F_main_BB_fusionloop_bodydim0_586
state: LEGUP_F_main_BB_fusionloop_bodydim0_586
   Transition: default: LEGUP_F_main_BB_fusionloop_bodydim0_587
state: LEGUP_F_main_BB_fusionloop_bodydim0_587
   Transition: default: LEGUP_F_main_BB_fusionloop_bodydim0_588
state: LEGUP_F_main_BB_fusionloop_bodydim0_588
   Transition: default: LEGUP_F_main_BB_fusionloop_bodydim0_589
state: LEGUP_F_main_BB_fusionloop_bodydim0_589
   Transition: default: LEGUP_F_main_BB_fusionloop_bodydim0_590
state: LEGUP_F_main_BB_fusionloop_bodydim0_590
   Transition: default: LEGUP_F_main_BB_fusionloop_bodydim0_591
state: LEGUP_F_main_BB_fusionloop_bodydim0_591
   Transition: default: LEGUP_F_main_BB_fusionloop_bodydim0_592
state: LEGUP_F_main_BB_fusionloop_bodydim0_592
   Transition: default: LEGUP_F_main_BB_fusionloop_bodydim0_593
state: LEGUP_F_main_BB_fusionloop_bodydim0_593
   Transition: default: LEGUP_F_main_BB_fusionloop_bodydim0_594
state: LEGUP_F_main_BB_fusionloop_bodydim0_594
   Transition: default: LEGUP_F_main_BB_fusionloop_bodydim0_595
state: LEGUP_F_main_BB_fusionloop_bodydim0_595
   Transition: default: LEGUP_F_main_BB_fusionloop_bodydim0_596
state: LEGUP_F_main_BB_fusionloop_bodydim0_596
   Transition: default: LEGUP_F_main_BB_fusionloop_bodydim0_597
state: LEGUP_F_main_BB_fusionloop_bodydim0_597
   Transition: default: LEGUP_F_main_BB_fusionloop_bodydim0_598
state: LEGUP_F_main_BB_fusionloop_bodydim0_598
   Transition: default: LEGUP_F_main_BB_fusionloop_bodydim0_599
state: LEGUP_F_main_BB_fusionloop_bodydim0_599
   Transition: default: LEGUP_F_main_BB_fusionloop_bodydim0_600
state: LEGUP_F_main_BB_fusionloop_bodydim0_600
   Transition: default: LEGUP_F_main_BB_fusionloop_bodydim0_601
state: LEGUP_F_main_BB_fusionloop_bodydim0_601
   Transition: default: LEGUP_F_main_BB_fusionloop_bodydim0_602
state: LEGUP_F_main_BB_fusionloop_bodydim0_602
   Transition: default: LEGUP_F_main_BB_fusionloop_bodydim0_603
state: LEGUP_F_main_BB_fusionloop_bodydim0_603
   Transition: default: LEGUP_F_main_BB_fusionloop_bodydim0_604
state: LEGUP_F_main_BB_fusionloop_bodydim0_604
   Transition: default: LEGUP_F_main_BB_fusionloop_bodydim0_605
state: LEGUP_F_main_BB_fusionloop_bodydim0_605
   store volatile float %108, float* %scevgep, align 4 (endState: LEGUP_F_main_BB_fusionloop_bodydim0_606)
   Transition: default: LEGUP_F_main_BB_fusionloop_bodydim0_606
state: LEGUP_F_main_BB_fusionloop_bodydim0_606
   br i1 %exitcond1, label %fusion.loop_exit.dim.0, label %fusion.loop_body.dim.0, !llvm.loop !8
   Transition: if (%exitcond1): LEGUP_F_main_BB_fusionloop_exitdim0_607 default: LEGUP_F_main_BB_fusionloop_bodydim0_570
state: LEGUP_F_main_BB_fusionloop_exitdim0_607
   %leflow_retval = load volatile float* getelementptr inbounds ([10 x float]* @temp3, i64 0, i64 0), align 8 (endState: LEGUP_F_main_BB_fusionloop_exitdim0_609)
   Transition: default: LEGUP_F_main_BB_fusionloop_exitdim0_608
state: LEGUP_F_main_BB_fusionloop_exitdim0_608
   Transition: default: LEGUP_F_main_BB_fusionloop_exitdim0_609
state: LEGUP_F_main_BB_fusionloop_exitdim0_609
   ret float %leflow_retval
   Transition: default: LEGUP_0

Basic Block: %dot.loop_body.rhs.1.lr.ph Num States: 1
Basic Block: %dot.loop_body.reduction.lr.ph Num States: 1
Basic Block: %dot.loop_body.reduction Num States: 28
Basic Block: %dot.loop_exit.reduction Num States: 2
Basic Block: %fusion.2.loop_body.dim.1.preheader Num States: 1
Basic Block: %fusion.2.loop_body.dim.1 Num States: 18
Basic Block: %reduce.inner.loop_body.reduction_dim.1.preheader Num States: 1
Basic Block: %reduce.inner.loop_body.reduction_dim.1 Num States: 4
Basic Block: %fusion.1.loop_body.dim.1.preheader Num States: 1
Basic Block: %fusion.1.loop_body.dim.1 Num States: 31
Basic Block: %26 Num States: 15
Basic Block: %28 Num States: 1
Basic Block: %30 Num States: 1
Basic Block: %32 Num States: 1
Basic Block: %34 Num States: 1
Basic Block: %thread-pre-split Num States: 1
Basic Block: %38 Num States: 1
Basic Block: %40 Num States: 3
Basic Block: %48 Num States: 50
Basic Block: %58 Num States: 29
Basic Block: %60 Num States: 16
Basic Block: %64 Num States: 15
Basic Block: %66 Num States: 148
Basic Block: %80 Num States: 76
Basic Block: %85 Num States: 90
Basic Block: %94 Num States: 1
Basic Block: %97 Num States: 12
Basic Block: %expf.exit Num States: 2
Basic Block: %reduce.1.inner.loop_body.reduction_dim.1.preheader Num States: 1
Basic Block: %reduce.1.inner.loop_body.reduction_dim.1 Num States: 17
Basic Block: %fusion.loop_body.dim.0.preheader Num States: 1
Basic Block: %fusion.loop_body.dim.0 Num States: 37
Basic Block: %fusion.loop_exit.dim.0 Num States: 3
End Function: main
--------------------------------------------------------------------------------

