//----------------------------------------------------------------------------//
// Generated by LegUp High-Level Synthesis Tool Version 4.0 (http://legup.org)
// Compiled: Sun Jul 26 12:56:54 2015
// University of Toronto
// For research and academic purposes only. Commercial use is prohibited.
// Please send bugs to: legup@eecg.toronto.edu
// Date: Wed Aug 12 11:25:10 2020
//----------------------------------------------------------------------------//

-----------------Function: main---------------
-------------------------1---------------------------
-----------------Delay of path:5.15 ns---------------
-----------------State:LEGUP_F_main_BB__97_537-----------------
(1.59 ns) --- (1.59 ns) ---   %98 = add i32 %93, 838860800
(1.59 ns) --- (3.18 ns) ---   %99 = add i32 %92, %98
(0.00 ns) --- (3.18 ns) ---   %100 = bitcast i32 %99 to float
(1.97 ns) --- (5.15 ns) ---   %101 = fmul float %100, 0x39B0000000000000

-----------------Function: main---------------
-------------------------2---------------------------
-----------------Delay of path:3.85 ns---------------
-----------------State:LEGUP_F_main_BB_dotloop_bodyreduction_2-----------------
(0.00 ns) --- (0.00 ns) ---   %dot.indvar.reduction20 = phi i64 [ 0, %dot.loop_body.reduction.lr.ph ], [ %5, %dot.loop_body.reduction ]
(2.12 ns) --- (2.12 ns) ---   %5 = add nuw nsw i64 %dot.indvar.reduction20, 1
(1.73 ns) --- (3.85 ns) ---   %exitcond18 = icmp eq i64 %5, 784
(0.00 ns) --- (3.85 ns) ---   br i1 %exitcond18, label %dot.loop_exit.reduction, label %dot.loop_body.reduction, !llvm.loop !1

-----------------Function: main---------------
-------------------------3---------------------------
-----------------Delay of path:3.85 ns---------------
-----------------State:LEGUP_F_main_BB_dotloop_exitreduction_30-----------------
(2.12 ns) --- (2.12 ns) ---   %6 = add nuw nsw i64 %dot.indvar.rhs.122, 1
(1.73 ns) --- (3.85 ns) ---   %exitcond21 = icmp eq i64 %6, 10
(0.00 ns) --- (3.85 ns) ---   br i1 %exitcond21, label %fusion.2.loop_body.dim.1.preheader, label %dot.loop_body.reduction.lr.ph, !llvm.loop !3

-----------------Function: main---------------
-------------------------4---------------------------
-----------------Delay of path:3.85 ns---------------
-----------------State:LEGUP_F_main_BB_fusion2loop_bodydim1_33-----------------
(0.00 ns) --- (0.00 ns) ---   %fusion.2.indvar.dim.116 = phi i64 [ %10, %fusion.2.loop_body.dim.1 ], [ 0, %fusion.2.loop_body.dim.1.preheader ]
(2.12 ns) --- (2.12 ns) ---   %10 = add nuw nsw i64 %fusion.2.indvar.dim.116, 1
(1.73 ns) --- (3.85 ns) ---   %exitcond14 = icmp eq i64 %10, 10
(0.00 ns) --- (3.85 ns) ---   br i1 %exitcond14, label %reduce.inner.loop_body.reduction_dim.1.preheader, label %fusion.2.loop_body.dim.1, !llvm.loop !4

-----------------Function: main---------------
-------------------------5---------------------------
-----------------Delay of path:3.85 ns---------------
-----------------State:LEGUP_F_main_BB_reduceinnerloop_bodyreduction_dim1_52-----------------
(0.00 ns) --- (0.00 ns) ---   %reduce.inner.indvar.reduction_dim.112 = phi i64 [ %17, %reduce.inner.loop_body.reduction_dim.1 ], [ 0, %reduce.inner.loop_body.reduction_dim.1.preheader ]
(2.12 ns) --- (2.12 ns) ---   %17 = add nuw nsw i64 %reduce.inner.indvar.reduction_dim.112, 1
(1.73 ns) --- (3.85 ns) ---   %exitcond12 = icmp eq i64 %17, 10
(0.00 ns) --- (3.85 ns) ---   br i1 %exitcond12, label %fusion.1.loop_body.dim.1.preheader, label %reduce.inner.loop_body.reduction_dim.1, !llvm.loop !5

-----------------Function: main---------------
-------------------------6---------------------------
-----------------Delay of path:3.85 ns---------------
-----------------State:LEGUP_F_main_BB_expfexit_549-----------------
(2.12 ns) --- (2.12 ns) ---   %102 = add nuw nsw i64 %fusion.1.indvar.dim.18, 1
(1.73 ns) --- (3.85 ns) ---   %exitcond4 = icmp eq i64 %102, 10
(0.00 ns) --- (3.85 ns) ---   br i1 %exitcond4, label %reduce.1.inner.loop_body.reduction_dim.1.preheader, label %fusion.1.loop_body.dim.1, !llvm.loop !6

-----------------Function: main---------------
-------------------------7---------------------------
-----------------Delay of path:3.85 ns---------------
-----------------State:LEGUP_F_main_BB_reduce1innerloop_bodyreduction_dim1_552-----------------
(0.00 ns) --- (0.00 ns) ---   %reduce.1.inner.indvar.reduction_dim.14 = phi i64 [ %106, %reduce.1.inner.loop_body.reduction_dim.1 ], [ 0, %reduce.1.inner.loop_body.reduction_dim.1.preheader ]
(2.12 ns) --- (2.12 ns) ---   %106 = add nuw nsw i64 %reduce.1.inner.indvar.reduction_dim.14, 1
(1.73 ns) --- (3.85 ns) ---   %exitcond = icmp eq i64 %106, 10
(0.00 ns) --- (3.85 ns) ---   br i1 %exitcond, label %fusion.loop_body.dim.0.preheader, label %reduce.1.inner.loop_body.reduction_dim.1, !llvm.loop !7

-----------------Function: main---------------
-------------------------8---------------------------
-----------------Delay of path:3.85 ns---------------
-----------------State:LEGUP_F_main_BB_fusionloop_bodydim0_570-----------------
(0.00 ns) --- (0.00 ns) ---   %fusion.indvar.dim.02 = phi i64 [ %109, %fusion.loop_body.dim.0 ], [ 0, %fusion.loop_body.dim.0.preheader ]
(2.12 ns) --- (2.12 ns) ---   %109 = add nuw nsw i64 %fusion.indvar.dim.02, 1
(1.73 ns) --- (3.85 ns) ---   %exitcond1 = icmp eq i64 %109, 10
(0.00 ns) --- (3.85 ns) ---   br i1 %exitcond1, label %fusion.loop_exit.dim.0, label %fusion.loop_body.dim.0, !llvm.loop !8

-----------------Function: main---------------
-------------------------9---------------------------
-----------------Delay of path:3.83 ns---------------
-----------------State:LEGUP_F_main_BB__30_104-----------------
(1.44 ns) --- (1.44 ns) ---   %31 = icmp eq i32 %23, 0
(2.39 ns) --- (3.83 ns) ---   %. = select i1 %31, float %21, float 0.000000e+00

-----------------Function: main---------------
-------------------------10---------------------------
-----------------Delay of path:2.94 ns---------------
-----------------State:LEGUP_F_main_BB__80_384-----------------
(2.94 ns) --- (2.94 ns) ---   %82 = fdiv float %79, %81


