Flow Summary report for top
Thu Feb 11 15:25:57 2021
Quartus Prime Version 19.4.0 Build 64 12/04/2019 SC Pro Edition


---------------------
; Table of Contents ;
---------------------
  1. Legal Notice
  2. Flow Summary



----------------
; Legal Notice ;
----------------
Copyright (C) 2019  Intel Corporation. All rights reserved.
Your use of Intel Corporation's design tools, logic functions 
and other software and tools, and any partner logic 
functions, and any output files from any of the foregoing 
(including device programming or simulation files), and any 
associated documentation or information are expressly subject 
to the terms and conditions of the Intel Program License 
Subscription Agreement, the Intel Quartus Prime License Agreement,
the Intel FPGA IP License Agreement, or other applicable license
agreement, including, without limitation, that your use is for
the sole purpose of programming logic devices manufactured by
Intel and sold by Intel or its authorized distributors.  Please
refer to the applicable agreement for further details, at
https://fpgasoftware.intel.com/eula.



+-------------------------------------------------------------------------+
; Flow Summary                                                            ;
+-----------------------------+-------------------------------------------+
; Flow Status                 ; Successful - Thu Feb 11 15:25:05 2021     ;
; Quartus Prime Version       ; 19.4.0 Build 64 12/04/2019 SC Pro Edition ;
; Revision Name               ; top                                       ;
; Top-level Entity Name       ; top                                       ;
; Family                      ; Cyclone 10 GX                             ;
; Device                      ; 10CX085YU484I5G                           ;
; Timing Models               ; Final                                     ;
; Logic utilization (in ALMs) ; 1,705 / 31,000 ( 6 % )                    ;
; Total registers             ; 2958                                      ;
; Total pins                  ; 37 / 216 ( 17 % )                         ;
; Total virtual pins          ; 0                                         ;
; Total block memory bits     ; 277,440 / 5,959,680 ( 5 % )               ;
; Total RAM Blocks            ; 32 / 291 ( 11 % )                         ;
; Total DSP Blocks            ; 3 / 84 ( 4 % )                            ;
; Total HSSI RX channels      ; 0 / 6 ( 0 % )                             ;
; Total HSSI TX channels      ; 0 / 6 ( 0 % )                             ;
; Total PLLs                  ; 0 / 22 ( 0 % )                            ;
+-----------------------------+-------------------------------------------+


